{"contracts\\diamonds\\facetsFramework\\diamondBase\\facets\\BaseFacet.sol":{"l":{"17":0,"18":0,"25":0,"26":0,"30":0,"31":0},"path":"C:\\Users\\numer\\dev\\locus\\tokenomics\\contracts\\diamonds\\facetsFramework\\diamondBase\\facets\\BaseFacet.sol","s":{"1":0,"2":0,"3":0},"b":{"1":[0,0],"2":[0,0]},"f":{"1":0,"2":0,"3":0},"fnMap":{"1":{"name":"enforceDelegatedOnly","line":16,"loc":{"start":{"line":16,"column":4},"end":{"line":20,"column":4}}},"2":{"name":"delegatedOnly","line":24,"loc":{"start":{"line":24,"column":4},"end":{"line":27,"column":4}}},"3":{"name":"internalOnly","line":29,"loc":{"start":{"line":29,"column":4},"end":{"line":32,"column":4}}}},"statementMap":{"1":{"start":{"line":17,"column":8},"end":{"line":17,"column":593}},"2":{"start":{"line":25,"column":8},"end":{"line":25,"column":29}},"3":{"start":{"line":30,"column":8},"end":{"line":30,"column":77}}},"branchMap":{"1":{"line":17,"type":"if","locations":[{"start":{"line":17,"column":8},"end":{"line":17,"column":8}},{"start":{"line":17,"column":8},"end":{"line":17,"column":8}}]},"2":{"line":17,"type":"cond-expr","locations":[{"start":{"line":17,"column":12},"end":{"line":17,"column":34}},{"start":{"line":17,"column":39},"end":{"line":17,"column":71}}]}}},"contracts\\diamonds\\facetsFramework\\diamondBase\\facets\\PausabilityFacet.sol":{"l":{"11":0,"12":0,"14":0,"18":0,"22":0,"23":0,"27":0,"28":0},"path":"C:\\Users\\numer\\dev\\locus\\tokenomics\\contracts\\diamonds\\facetsFramework\\diamondBase\\facets\\PausabilityFacet.sol","s":{"1":0,"2":0,"3":0,"4":0},"b":{"1":[0,0],"2":[0,0],"3":[0,0],"4":[0,0]},"f":{"1":0,"2":0,"3":0,"4":0},"fnMap":{"1":{"name":"whenNotPaused","line":10,"loc":{"start":{"line":10,"column":4},"end":{"line":15,"column":4}}},"2":{"name":"paused","line":17,"loc":{"start":{"line":17,"column":4},"end":{"line":19,"column":4}}},"3":{"name":"pause","line":21,"loc":{"start":{"line":21,"column":4},"end":{"line":24,"column":4}}},"4":{"name":"unpause","line":26,"loc":{"start":{"line":26,"column":4},"end":{"line":29,"column":4}}}},"statementMap":{"1":{"start":{"line":11,"column":8},"end":{"line":11,"column":319}},"2":{"start":{"line":18,"column":8},"end":{"line":18,"column":42}},"3":{"start":{"line":22,"column":8},"end":{"line":22,"column":75}},"4":{"start":{"line":27,"column":8},"end":{"line":27,"column":75}}},"branchMap":{"1":{"line":11,"type":"if","locations":[{"start":{"line":11,"column":8},"end":{"line":11,"column":8}},{"start":{"line":11,"column":8},"end":{"line":11,"column":8}}]},"2":{"line":17,"type":"if","locations":[{"start":{"line":17,"column":45},"end":{"line":17,"column":45}},{"start":{"line":17,"column":45},"end":{"line":17,"column":45}}]},"3":{"line":21,"type":"if","locations":[{"start":{"line":21,"column":39},"end":{"line":21,"column":39}},{"start":{"line":21,"column":39},"end":{"line":21,"column":39}}]},"4":{"line":26,"type":"if","locations":[{"start":{"line":26,"column":41},"end":{"line":26,"column":41}},{"start":{"line":26,"column":41},"end":{"line":26,"column":41}}]}}},"contracts\\diamonds\\facetsFramework\\diamondBase\\facets\\RolesManagementFacet.sol":{"l":{"16":0,"17":0,"18":0,"20":0,"21":0,"30":0,"31":0,"32":0,"34":0,"35":0,"40":0,"41":0,"45":0,"46":0,"50":0},"path":"C:\\Users\\numer\\dev\\locus\\tokenomics\\contracts\\diamonds\\facetsFramework\\diamondBase\\facets\\RolesManagementFacet.sol","s":{"1":0,"2":0,"3":0,"4":0,"5":0,"6":0,"7":0,"8":0,"9":0,"10":0,"11":0,"12":0,"13":0},"b":{"1":[0,0],"2":[0,0],"3":[0,0],"4":[0,0],"5":[0,0],"6":[0,0],"7":[0,0]},"f":{"1":0,"2":0,"3":0,"4":0,"5":0},"fnMap":{"1":{"name":"grantRoles","line":14,"loc":{"start":{"line":11,"column":4},"end":{"line":23,"column":4}}},"2":{"name":"revokeRoles","line":28,"loc":{"start":{"line":25,"column":4},"end":{"line":37,"column":4}}},"3":{"name":"grantRole","line":39,"loc":{"start":{"line":39,"column":4},"end":{"line":42,"column":4}}},"4":{"name":"revokeRole","line":44,"loc":{"start":{"line":44,"column":4},"end":{"line":47,"column":4}}},"5":{"name":"hasRole","line":49,"loc":{"start":{"line":49,"column":4},"end":{"line":51,"column":4}}}},"statementMap":{"1":{"start":{"line":16,"column":8},"end":{"line":16,"column":74}},"2":{"start":{"line":17,"column":8},"end":{"line":17,"column":552}},"3":{"start":{"line":20,"column":8},"end":{"line":20,"column":674}},"4":{"start":{"line":21,"column":12},"end":{"line":21,"column":60}},"5":{"start":{"line":30,"column":8},"end":{"line":30,"column":74}},"6":{"start":{"line":31,"column":8},"end":{"line":31,"column":1039}},"7":{"start":{"line":34,"column":8},"end":{"line":34,"column":1161}},"8":{"start":{"line":35,"column":12},"end":{"line":35,"column":61}},"9":{"start":{"line":40,"column":8},"end":{"line":40,"column":74}},"10":{"start":{"line":41,"column":8},"end":{"line":41,"column":46}},"11":{"start":{"line":45,"column":8},"end":{"line":45,"column":74}},"12":{"start":{"line":46,"column":8},"end":{"line":46,"column":47}},"13":{"start":{"line":50,"column":8},"end":{"line":50,"column":56}}},"branchMap":{"1":{"line":14,"type":"if","locations":[{"start":{"line":14,"column":8},"end":{"line":14,"column":8}},{"start":{"line":14,"column":8},"end":{"line":14,"column":8}}]},"2":{"line":17,"type":"if","locations":[{"start":{"line":17,"column":8},"end":{"line":17,"column":8}},{"start":{"line":17,"column":8},"end":{"line":17,"column":8}}]},"3":{"line":28,"type":"if","locations":[{"start":{"line":28,"column":8},"end":{"line":28,"column":8}},{"start":{"line":28,"column":8},"end":{"line":28,"column":8}}]},"4":{"line":31,"type":"if","locations":[{"start":{"line":31,"column":8},"end":{"line":31,"column":8}},{"start":{"line":31,"column":8},"end":{"line":31,"column":8}}]},"5":{"line":39,"type":"if","locations":[{"start":{"line":39,"column":66},"end":{"line":39,"column":66}},{"start":{"line":39,"column":66},"end":{"line":39,"column":66}}]},"6":{"line":44,"type":"if","locations":[{"start":{"line":44,"column":67},"end":{"line":44,"column":67}},{"start":{"line":44,"column":67},"end":{"line":44,"column":67}}]},"7":{"line":49,"type":"if","locations":[{"start":{"line":49,"column":71},"end":{"line":49,"column":71}},{"start":{"line":49,"column":71},"end":{"line":49,"column":71}}]}}},"contracts\\diamonds\\facetsFramework\\diamondBase\\interfaces\\IPausable.sol":{"l":{},"path":"C:\\Users\\numer\\dev\\locus\\tokenomics\\contracts\\diamonds\\facetsFramework\\diamondBase\\interfaces\\IPausable.sol","s":{},"b":{},"f":{},"fnMap":{},"statementMap":{},"branchMap":{}},"contracts\\diamonds\\facetsFramework\\diamondBase\\interfaces\\IRolesManagement.sol":{"l":{},"path":"C:\\Users\\numer\\dev\\locus\\tokenomics\\contracts\\diamonds\\facetsFramework\\diamondBase\\interfaces\\IRolesManagement.sol","s":{},"b":{},"f":{},"fnMap":{},"statementMap":{},"branchMap":{}},"contracts\\diamonds\\facetsFramework\\diamondBase\\libraries\\InitializerLib.sol":{"l":{"15":0,"16":0,"22":0,"26":0,"27":0,"29":0},"path":"C:\\Users\\numer\\dev\\locus\\tokenomics\\contracts\\diamonds\\facetsFramework\\diamondBase\\libraries\\InitializerLib.sol","s":{"1":0,"2":0},"b":{"1":[0,0]},"f":{"1":0,"2":0,"3":0},"fnMap":{"1":{"name":"get","line":14,"loc":{"start":{"line":14,"column":4},"end":{"line":19,"column":4}}},"2":{"name":"reset","line":21,"loc":{"start":{"line":21,"column":4},"end":{"line":23,"column":4}}},"3":{"name":"initialize","line":25,"loc":{"start":{"line":25,"column":4},"end":{"line":31,"column":4}}}},"statementMap":{"1":{"start":{"line":15,"column":8},"end":{"line":15,"column":55}},"2":{"start":{"line":26,"column":8},"end":{"line":26,"column":656}}},"branchMap":{"1":{"line":26,"type":"if","locations":[{"start":{"line":26,"column":8},"end":{"line":26,"column":8}},{"start":{"line":26,"column":8},"end":{"line":26,"column":8}}]}}},"contracts\\diamonds\\facetsFramework\\diamondBase\\libraries\\PausabilityLib.sol":{"l":{"14":0,"15":0},"path":"C:\\Users\\numer\\dev\\locus\\tokenomics\\contracts\\diamonds\\facetsFramework\\diamondBase\\libraries\\PausabilityLib.sol","s":{"1":0},"b":{},"f":{"1":0},"fnMap":{"1":{"name":"get","line":13,"loc":{"start":{"line":13,"column":4},"end":{"line":18,"column":4}}}},"statementMap":{"1":{"start":{"line":14,"column":8},"end":{"line":14,"column":55}}},"branchMap":{}},"contracts\\diamonds\\facetsFramework\\diamondBase\\libraries\\RolesManagementLib.sol":{"l":{"27":0,"28":0,"34":0,"35":0,"36":0,"39":0,"45":0,"49":0,"53":0,"54":0,"58":0,"59":0,"63":0,"64":0,"65":0,"66":0,"68":0,"71":0,"72":0,"77":0},"path":"C:\\Users\\numer\\dev\\locus\\tokenomics\\contracts\\diamonds\\facetsFramework\\diamondBase\\libraries\\RolesManagementLib.sol","s":{"1":0,"2":0,"3":0,"4":0,"5":0,"6":0,"7":0,"8":0,"9":0,"10":0,"11":0,"12":0,"13":0},"b":{"1":[0,0],"2":[0,0],"3":[0,0],"4":[0,0],"5":[0,0]},"f":{"1":0,"2":0,"3":0,"4":0,"5":0,"6":0,"7":0,"8":0},"fnMap":{"1":{"name":"get","line":26,"loc":{"start":{"line":26,"column":4},"end":{"line":31,"column":4}}},"2":{"name":"enforceRole","line":33,"loc":{"start":{"line":33,"column":4},"end":{"line":42,"column":4}}},"3":{"name":"hasRole","line":44,"loc":{"start":{"line":44,"column":4},"end":{"line":46,"column":4}}},"4":{"name":"enforceSenderRole","line":48,"loc":{"start":{"line":48,"column":4},"end":{"line":50,"column":4}}},"5":{"name":"grantRole","line":52,"loc":{"start":{"line":52,"column":4},"end":{"line":55,"column":4}}},"6":{"name":"revokeRole","line":57,"loc":{"start":{"line":57,"column":4},"end":{"line":60,"column":4}}},"7":{"name":"enforceEitherOfRoles","line":62,"loc":{"start":{"line":62,"column":4},"end":{"line":74,"column":4}}},"8":{"name":"enforceSenderEitherOfRoles","line":76,"loc":{"start":{"line":76,"column":4},"end":{"line":78,"column":4}}}},"statementMap":{"1":{"start":{"line":27,"column":8},"end":{"line":27,"column":60}},"2":{"start":{"line":34,"column":8},"end":{"line":34,"column":1185}},"3":{"start":{"line":35,"column":12},"end":{"line":35,"column":1231}},"4":{"start":{"line":38,"column":15},"end":{"line":38,"column":1341}},"5":{"start":{"line":45,"column":8},"end":{"line":45,"column":37}},"6":{"start":{"line":49,"column":8},"end":{"line":49,"column":36}},"7":{"start":{"line":54,"column":8},"end":{"line":54,"column":37}},"8":{"start":{"line":59,"column":8},"end":{"line":59,"column":38}},"9":{"start":{"line":63,"column":8},"end":{"line":63,"column":19}},"10":{"start":{"line":64,"column":8},"end":{"line":64,"column":2109}},"11":{"start":{"line":65,"column":12},"end":{"line":65,"column":2171}},"12":{"start":{"line":71,"column":8},"end":{"line":71,"column":2379}},"13":{"start":{"line":77,"column":8},"end":{"line":77,"column":46}}},"branchMap":{"1":{"line":34,"type":"if","locations":[{"start":{"line":34,"column":8},"end":{"line":34,"column":8}},{"start":{"line":34,"column":8},"end":{"line":34,"column":8}}]},"2":{"line":35,"type":"if","locations":[{"start":{"line":35,"column":12},"end":{"line":35,"column":12}},{"start":{"line":35,"column":12},"end":{"line":35,"column":12}}]},"3":{"line":38,"type":"if","locations":[{"start":{"line":38,"column":15},"end":{"line":38,"column":15}},{"start":{"line":38,"column":15},"end":{"line":38,"column":15}}]},"4":{"line":65,"type":"if","locations":[{"start":{"line":65,"column":12},"end":{"line":65,"column":12}},{"start":{"line":65,"column":12},"end":{"line":65,"column":12}}]},"5":{"line":71,"type":"if","locations":[{"start":{"line":71,"column":8},"end":{"line":71,"column":8}},{"start":{"line":71,"column":8},"end":{"line":71,"column":8}}]}}},"contracts\\diamonds\\facetsFramework\\tokensDistributor\\TDLib.sol":{"l":{"44":0,"45":0,"60":0,"61":0,"62":0,"63":0,"66":0,"67":0,"68":0,"70":0,"71":0,"73":0,"76":0,"79":0},"path":"C:\\Users\\numer\\dev\\locus\\tokenomics\\contracts\\diamonds\\facetsFramework\\tokensDistributor\\TDLib.sol","s":{"1":0,"2":0,"3":0,"4":0,"5":0,"6":0,"7":0,"8":0,"9":0},"b":{"1":[0,0],"2":[0,0]},"f":{"1":0,"2":0},"fnMap":{"1":{"name":"get","line":43,"loc":{"start":{"line":43,"column":4},"end":{"line":48,"column":4}}},"2":{"name":"getAmountToDistribute","line":50,"loc":{"start":{"line":50,"column":4},"end":{"line":81,"column":4}}}},"statementMap":{"1":{"start":{"line":44,"column":8},"end":{"line":44,"column":68}},"2":{"start":{"line":60,"column":8},"end":{"line":60,"column":63}},"3":{"start":{"line":61,"column":8},"end":{"line":61,"column":1814}},"4":{"start":{"line":62,"column":12},"end":{"line":62,"column":49}},"5":{"start":{"line":63,"column":12},"end":{"line":63,"column":1937}},"6":{"start":{"line":66,"column":12},"end":{"line":66,"column":23}},"7":{"start":{"line":67,"column":12},"end":{"line":67,"column":2082}},"8":{"start":{"line":68,"column":16},"end":{"line":68,"column":2195}},"9":{"start":{"line":70,"column":16},"end":{"line":70,"column":2272}}},"branchMap":{"1":{"line":61,"type":"if","locations":[{"start":{"line":61,"column":8},"end":{"line":61,"column":8}},{"start":{"line":61,"column":8},"end":{"line":61,"column":8}}]},"2":{"line":70,"type":"if","locations":[{"start":{"line":70,"column":16},"end":{"line":70,"column":16}},{"start":{"line":70,"column":16},"end":{"line":70,"column":16}}]}}},"contracts\\diamonds\\facetsFramework\\tokensDistributor\\v1\\interfaces\\ITDLoupeFacet.sol":{"l":{},"path":"C:\\Users\\numer\\dev\\locus\\tokenomics\\contracts\\diamonds\\facetsFramework\\tokensDistributor\\v1\\interfaces\\ITDLoupeFacet.sol","s":{},"b":{},"f":{},"fnMap":{},"statementMap":{},"branchMap":{}},"contracts\\diamonds\\facetsFramework\\tokensDistributor\\v1\\interfaces\\ITDManagementFacet.sol":{"l":{},"path":"C:\\Users\\numer\\dev\\locus\\tokenomics\\contracts\\diamonds\\facetsFramework\\tokensDistributor\\v1\\interfaces\\ITDManagementFacet.sol","s":{},"b":{},"f":{},"fnMap":{},"statementMap":{},"branchMap":{}},"contracts\\diamonds\\facetsFramework\\tokensDistributor\\v1\\interfaces\\ITDProcessFacet.sol":{"l":{},"path":"C:\\Users\\numer\\dev\\locus\\tokenomics\\contracts\\diamonds\\facetsFramework\\tokensDistributor\\v1\\interfaces\\ITDProcessFacet.sol","s":{},"b":{},"f":{},"fnMap":{},"statementMap":{},"branchMap":{}},"contracts\\diamonds\\facetsFramework\\tokensDistributor\\v1\\TDLoupeFacet.sol":{"l":{"14":0,"15":0,"16":0,"18":0,"19":0,"20":0,"21":0,"22":0,"23":0,"24":0,"25":0,"29":0,"30":0,"39":0,"40":0,"41":0,"43":0,"44":0,"45":0,"46":0,"47":0,"48":0,"49":0,"50":0,"54":0,"55":0,"64":0,"65":0,"66":0,"68":0,"69":0,"70":0,"71":0,"72":0,"73":0,"74":0,"75":0,"79":0,"80":0},"path":"C:\\Users\\numer\\dev\\locus\\tokenomics\\contracts\\diamonds\\facetsFramework\\tokensDistributor\\v1\\TDLoupeFacet.sol","s":{"1":0,"2":0,"3":0,"4":0,"5":0,"6":0,"7":0,"8":0,"9":0,"10":0,"11":0,"12":0,"13":0,"14":0,"15":0,"16":0,"17":0,"18":0,"19":0,"20":0,"21":0,"22":0,"23":0,"24":0,"25":0,"26":0,"27":0},"b":{"1":[0,0],"2":[0,0],"3":[0,0],"4":[0,0],"5":[0,0],"6":[0,0],"7":[0,0],"8":[0,0],"9":[0,0],"10":[0,0],"11":[0,0],"12":[0,0],"13":[0,0],"14":[0,0],"15":[0,0]},"f":{"1":0,"2":0,"3":0},"fnMap":{"1":{"name":"getReceiversByAddresses","line":13,"loc":{"start":{"line":9,"column":4},"end":{"line":32,"column":4}}},"2":{"name":"getReceiversByShares","line":38,"loc":{"start":{"line":34,"column":4},"end":{"line":57,"column":4}}},"3":{"name":"getReceiversByStatuses","line":63,"loc":{"start":{"line":59,"column":4},"end":{"line":82,"column":4}}}},"statementMap":{"1":{"start":{"line":14,"column":8},"end":{"line":14,"column":86}},"2":{"start":{"line":15,"column":8},"end":{"line":15,"column":549}},"3":{"start":{"line":19,"column":8},"end":{"line":19,"column":23}},"4":{"start":{"line":20,"column":8},"end":{"line":20,"column":21}},"5":{"start":{"line":21,"column":8},"end":{"line":21,"column":760}},"6":{"start":{"line":22,"column":12},"end":{"line":22,"column":842}},"7":{"start":{"line":23,"column":16},"end":{"line":23,"column":912}},"8":{"start":{"line":25,"column":20},"end":{"line":25,"column":50}},"9":{"start":{"line":29,"column":8},"end":{"line":29,"column":1126}},"10":{"start":{"line":39,"column":8},"end":{"line":39,"column":86}},"11":{"start":{"line":40,"column":8},"end":{"line":40,"column":1511}},"12":{"start":{"line":44,"column":8},"end":{"line":44,"column":23}},"13":{"start":{"line":45,"column":8},"end":{"line":45,"column":21}},"14":{"start":{"line":46,"column":8},"end":{"line":46,"column":1722}},"15":{"start":{"line":47,"column":12},"end":{"line":47,"column":1804}},"16":{"start":{"line":48,"column":16},"end":{"line":48,"column":1871}},"17":{"start":{"line":50,"column":20},"end":{"line":50,"column":50}},"18":{"start":{"line":54,"column":8},"end":{"line":54,"column":2079}},"19":{"start":{"line":64,"column":8},"end":{"line":64,"column":86}},"20":{"start":{"line":65,"column":8},"end":{"line":65,"column":2465}},"21":{"start":{"line":69,"column":8},"end":{"line":69,"column":23}},"22":{"start":{"line":70,"column":8},"end":{"line":70,"column":21}},"23":{"start":{"line":71,"column":8},"end":{"line":71,"column":2676}},"24":{"start":{"line":72,"column":12},"end":{"line":72,"column":2758}},"25":{"start":{"line":73,"column":16},"end":{"line":73,"column":2827}},"26":{"start":{"line":75,"column":20},"end":{"line":75,"column":50}},"27":{"start":{"line":79,"column":8},"end":{"line":79,"column":3041}}},"branchMap":{"1":{"line":13,"type":"if","locations":[{"start":{"line":13,"column":29},"end":{"line":13,"column":29}},{"start":{"line":13,"column":29},"end":{"line":13,"column":29}}]},"2":{"line":15,"type":"if","locations":[{"start":{"line":15,"column":8},"end":{"line":15,"column":8}},{"start":{"line":15,"column":8},"end":{"line":15,"column":8}}]},"3":{"line":23,"type":"if","locations":[{"start":{"line":23,"column":16},"end":{"line":23,"column":16}},{"start":{"line":23,"column":16},"end":{"line":23,"column":16}}]},"4":{"line":25,"type":"if","locations":[{"start":{"line":25,"column":20},"end":{"line":25,"column":20}},{"start":{"line":25,"column":20},"end":{"line":25,"column":20}}]},"5":{"line":29,"type":"if","locations":[{"start":{"line":29,"column":8},"end":{"line":29,"column":8}},{"start":{"line":29,"column":8},"end":{"line":29,"column":8}}]},"6":{"line":38,"type":"if","locations":[{"start":{"line":38,"column":29},"end":{"line":38,"column":29}},{"start":{"line":38,"column":29},"end":{"line":38,"column":29}}]},"7":{"line":40,"type":"if","locations":[{"start":{"line":40,"column":8},"end":{"line":40,"column":8}},{"start":{"line":40,"column":8},"end":{"line":40,"column":8}}]},"8":{"line":48,"type":"if","locations":[{"start":{"line":48,"column":16},"end":{"line":48,"column":16}},{"start":{"line":48,"column":16},"end":{"line":48,"column":16}}]},"9":{"line":50,"type":"if","locations":[{"start":{"line":50,"column":20},"end":{"line":50,"column":20}},{"start":{"line":50,"column":20},"end":{"line":50,"column":20}}]},"10":{"line":54,"type":"if","locations":[{"start":{"line":54,"column":8},"end":{"line":54,"column":8}},{"start":{"line":54,"column":8},"end":{"line":54,"column":8}}]},"11":{"line":63,"type":"if","locations":[{"start":{"line":63,"column":29},"end":{"line":63,"column":29}},{"start":{"line":63,"column":29},"end":{"line":63,"column":29}}]},"12":{"line":65,"type":"if","locations":[{"start":{"line":65,"column":8},"end":{"line":65,"column":8}},{"start":{"line":65,"column":8},"end":{"line":65,"column":8}}]},"13":{"line":73,"type":"if","locations":[{"start":{"line":73,"column":16},"end":{"line":73,"column":16}},{"start":{"line":73,"column":16},"end":{"line":73,"column":16}}]},"14":{"line":75,"type":"if","locations":[{"start":{"line":75,"column":20},"end":{"line":75,"column":20}},{"start":{"line":75,"column":20},"end":{"line":75,"column":20}}]},"15":{"line":79,"type":"if","locations":[{"start":{"line":79,"column":8},"end":{"line":79,"column":8}},{"start":{"line":79,"column":8},"end":{"line":79,"column":8}}]}}},"contracts\\diamonds\\facetsFramework\\tokensDistributor\\v1\\TDManagementFacet.sol":{"l":{"18":0,"19":0,"27":0,"28":0,"40":0,"41":0,"42":0,"43":0,"46":0,"47":0,"48":0,"49":0,"50":0,"54":0,"58":0,"60":0,"66":0,"75":0,"76":0,"77":0,"78":0,"81":0,"82":0,"83":0,"84":0,"85":0,"86":0,"87":0,"88":0,"90":0,"91":0,"92":0,"93":0,"96":0,"102":0,"108":0,"109":0,"110":0,"111":0},"path":"C:\\Users\\numer\\dev\\locus\\tokenomics\\contracts\\diamonds\\facetsFramework\\tokensDistributor\\v1\\TDManagementFacet.sol","s":{"1":0,"2":0,"3":0,"4":0,"5":0,"6":0,"7":0,"8":0,"9":0,"10":0,"11":0,"12":0,"13":0,"14":0,"15":0,"16":0,"17":0,"18":0,"19":0,"20":0,"21":0,"22":0,"23":0,"24":0,"25":0,"26":0},"b":{"1":[0,0],"2":[0,0],"3":[0,0],"4":[0,0],"5":[0,0],"6":[0,0],"7":[0,0],"8":[0,0],"9":[0,0]},"f":{"1":0,"2":0,"3":0,"4":0},"fnMap":{"1":{"name":"addReceiver","line":17,"loc":{"start":{"line":13,"column":4},"end":{"line":34,"column":4}}},"2":{"name":"setReceiverShare","line":39,"loc":{"start":{"line":36,"column":4},"end":{"line":69,"column":4}}},"3":{"name":"setReceiverStatus","line":74,"loc":{"start":{"line":71,"column":4},"end":{"line":105,"column":4}}},"4":{"name":"_enforceSenderOwnerOrInternal","line":107,"loc":{"start":{"line":107,"column":4},"end":{"line":112,"column":4}}}},"statementMap":{"1":{"start":{"line":18,"column":8},"end":{"line":18,"column":38}},"2":{"start":{"line":19,"column":8},"end":{"line":19,"column":581}},"3":{"start":{"line":28,"column":8},"end":{"line":28,"column":894}},"4":{"start":{"line":40,"column":8},"end":{"line":40,"column":38}},"5":{"start":{"line":41,"column":8},"end":{"line":41,"column":62}},"6":{"start":{"line":42,"column":8},"end":{"line":42,"column":1306}},"7":{"start":{"line":43,"column":12},"end":{"line":43,"column":1388}},"8":{"start":{"line":46,"column":12},"end":{"line":46,"column":1501}},"9":{"start":{"line":47,"column":16},"end":{"line":47,"column":72}},"10":{"start":{"line":48,"column":16},"end":{"line":48,"column":1655}},"11":{"start":{"line":49,"column":20},"end":{"line":49,"column":1719}},"12":{"start":{"line":60,"column":16},"end":{"line":60,"column":2181}},"13":{"start":{"line":66,"column":16},"end":{"line":66,"column":22}},"14":{"start":{"line":75,"column":8},"end":{"line":75,"column":38}},"15":{"start":{"line":76,"column":8},"end":{"line":76,"column":62}},"16":{"start":{"line":77,"column":8},"end":{"line":77,"column":2696}},"17":{"start":{"line":78,"column":12},"end":{"line":78,"column":2778}},"18":{"start":{"line":81,"column":12},"end":{"line":81,"column":2891}},"19":{"start":{"line":82,"column":16},"end":{"line":82,"column":2970}},"20":{"start":{"line":84,"column":20},"end":{"line":84,"column":3099}},"21":{"start":{"line":85,"column":24},"end":{"line":85,"column":71}},"22":{"start":{"line":90,"column":24},"end":{"line":90,"column":72}},"23":{"start":{"line":96,"column":16},"end":{"line":96,"column":3724}},"24":{"start":{"line":102,"column":16},"end":{"line":102,"column":22}},"25":{"start":{"line":108,"column":8},"end":{"line":108,"column":49}},"26":{"start":{"line":111,"column":8},"end":{"line":111,"column":59}}},"branchMap":{"1":{"line":17,"type":"if","locations":[{"start":{"line":17,"column":24},"end":{"line":17,"column":24}},{"start":{"line":17,"column":24},"end":{"line":17,"column":24}}]},"2":{"line":39,"type":"if","locations":[{"start":{"line":39,"column":24},"end":{"line":39,"column":24}},{"start":{"line":39,"column":24},"end":{"line":39,"column":24}}]},"3":{"line":46,"type":"if","locations":[{"start":{"line":46,"column":12},"end":{"line":46,"column":12}},{"start":{"line":46,"column":12},"end":{"line":46,"column":12}}]},"4":{"line":48,"type":"if","locations":[{"start":{"line":48,"column":16},"end":{"line":48,"column":16}},{"start":{"line":48,"column":16},"end":{"line":48,"column":16}}]},"5":{"line":49,"type":"if","locations":[{"start":{"line":49,"column":20},"end":{"line":49,"column":20}},{"start":{"line":49,"column":20},"end":{"line":49,"column":20}}]},"6":{"line":74,"type":"if","locations":[{"start":{"line":74,"column":24},"end":{"line":74,"column":24}},{"start":{"line":74,"column":24},"end":{"line":74,"column":24}}]},"7":{"line":81,"type":"if","locations":[{"start":{"line":81,"column":12},"end":{"line":81,"column":12}},{"start":{"line":81,"column":12},"end":{"line":81,"column":12}}]},"8":{"line":82,"type":"if","locations":[{"start":{"line":82,"column":16},"end":{"line":82,"column":16}},{"start":{"line":82,"column":16},"end":{"line":82,"column":16}}]},"9":{"line":84,"type":"if","locations":[{"start":{"line":84,"column":20},"end":{"line":84,"column":20}},{"start":{"line":84,"column":20},"end":{"line":84,"column":20}}]}}},"contracts\\diamonds\\facetsFramework\\tokensDistributor\\v1\\TDProcessFacet.sol":{"l":{"20":0,"21":0,"22":0,"24":0,"25":0,"28":0,"29":0,"31":0,"32":0,"37":0,"39":0,"42":0,"43":0,"44":0,"49":0,"55":0},"path":"C:\\Users\\numer\\dev\\locus\\tokenomics\\contracts\\diamonds\\facetsFramework\\tokensDistributor\\v1\\TDProcessFacet.sol","s":{"1":0,"2":0,"3":0,"4":0,"5":0,"6":0,"7":0,"8":0,"9":0,"10":0,"11":0,"12":0,"13":0,"14":0,"15":0},"b":{"1":[0,0],"2":[0,0],"3":[0,0],"4":[0,0],"5":[0,0]},"f":{"1":0},"fnMap":{"1":{"name":"distribute","line":19,"loc":{"start":{"line":16,"column":4},"end":{"line":56,"column":4}}}},"statementMap":{"1":{"start":{"line":20,"column":8},"end":{"line":20,"column":46}},"2":{"start":{"line":21,"column":8},"end":{"line":21,"column":53}},"3":{"start":{"line":22,"column":8},"end":{"line":22,"column":77}},"4":{"start":{"line":24,"column":8},"end":{"line":24,"column":829}},"5":{"start":{"line":25,"column":12},"end":{"line":25,"column":922}},"6":{"start":{"line":28,"column":12},"end":{"line":28,"column":1038}},"7":{"start":{"line":29,"column":16},"end":{"line":29,"column":1113}},"8":{"start":{"line":31,"column":16},"end":{"line":31,"column":1205}},"9":{"start":{"line":32,"column":20},"end":{"line":32,"column":1269}},"10":{"start":{"line":37,"column":20},"end":{"line":37,"column":75}},"11":{"start":{"line":42,"column":8},"end":{"line":42,"column":1613}},"12":{"start":{"line":43,"column":12},"end":{"line":43,"column":1663}},"13":{"start":{"line":44,"column":16},"end":{"line":44,"column":1723}},"14":{"start":{"line":49,"column":16},"end":{"line":49,"column":1925}},"15":{"start":{"line":55,"column":8},"end":{"line":55,"column":61}}},"branchMap":{"1":{"line":19,"type":"if","locations":[{"start":{"line":19,"column":24},"end":{"line":19,"column":24}},{"start":{"line":19,"column":24},"end":{"line":19,"column":24}}]},"2":{"line":28,"type":"if","locations":[{"start":{"line":28,"column":12},"end":{"line":28,"column":12}},{"start":{"line":28,"column":12},"end":{"line":28,"column":12}}]},"3":{"line":31,"type":"if","locations":[{"start":{"line":31,"column":16},"end":{"line":31,"column":16}},{"start":{"line":31,"column":16},"end":{"line":31,"column":16}}]},"4":{"line":42,"type":"if","locations":[{"start":{"line":42,"column":8},"end":{"line":42,"column":8}},{"start":{"line":42,"column":8},"end":{"line":42,"column":8}}]},"5":{"line":43,"type":"if","locations":[{"start":{"line":43,"column":12},"end":{"line":43,"column":12}},{"start":{"line":43,"column":12},"end":{"line":43,"column":12}}]}}},"contracts\\diamonds\\locusStaking\\DiamondLocusStaking.sol":{"l":{},"path":"C:\\Users\\numer\\dev\\locus\\tokenomics\\contracts\\diamonds\\locusStaking\\DiamondLocusStaking.sol","s":{},"b":{},"f":{},"fnMap":{},"statementMap":{},"branchMap":{}},"contracts\\diamonds\\locusStaking\\LSLib.sol":{"l":{"64":0,"65":0},"path":"C:\\Users\\numer\\dev\\locus\\tokenomics\\contracts\\diamonds\\locusStaking\\LSLib.sol","s":{"1":0},"b":{},"f":{"1":0},"fnMap":{"1":{"name":"get","line":63,"loc":{"start":{"line":63,"column":4},"end":{"line":68,"column":4}}}},"statementMap":{"1":{"start":{"line":64,"column":8},"end":{"line":64,"column":57}}},"branchMap":{}},"contracts\\diamonds\\locusStaking\\v1\\interfaces\\ILSDepositaryFacet.sol":{"l":{},"path":"C:\\Users\\numer\\dev\\locus\\tokenomics\\contracts\\diamonds\\locusStaking\\v1\\interfaces\\ILSDepositaryFacet.sol","s":{},"b":{},"f":{},"fnMap":{},"statementMap":{},"branchMap":{}},"contracts\\diamonds\\locusStaking\\v1\\interfaces\\ILSInitializerFacet.sol":{"l":{},"path":"C:\\Users\\numer\\dev\\locus\\tokenomics\\contracts\\diamonds\\locusStaking\\v1\\interfaces\\ILSInitializerFacet.sol","s":{},"b":{},"f":{},"fnMap":{},"statementMap":{},"branchMap":{}},"contracts\\diamonds\\locusStaking\\v1\\interfaces\\ILSLoupeFacet.sol":{"l":{},"path":"C:\\Users\\numer\\dev\\locus\\tokenomics\\contracts\\diamonds\\locusStaking\\v1\\interfaces\\ILSLoupeFacet.sol","s":{},"b":{},"f":{},"fnMap":{},"statementMap":{},"branchMap":{}},"contracts\\diamonds\\locusStaking\\v1\\interfaces\\ILSManagementFacet.sol":{"l":{},"path":"C:\\Users\\numer\\dev\\locus\\tokenomics\\contracts\\diamonds\\locusStaking\\v1\\interfaces\\ILSManagementFacet.sol","s":{},"b":{},"f":{},"fnMap":{},"statementMap":{},"branchMap":{}},"contracts\\diamonds\\locusStaking\\v1\\interfaces\\ILSProcessFeesFacet.sol":{"l":{},"path":"C:\\Users\\numer\\dev\\locus\\tokenomics\\contracts\\diamonds\\locusStaking\\v1\\interfaces\\ILSProcessFeesFacet.sol","s":{},"b":{},"f":{},"fnMap":{},"statementMap":{},"branchMap":{}},"contracts\\diamonds\\locusStaking\\v1\\LSDepositaryFacet.sol":{"l":{"42":0,"49":0,"50":0,"56":0,"63":0,"64":0,"65":0,"66":0,"67":0,"68":0,"73":0,"74":0,"81":0,"85":0,"89":0,"90":0,"91":0,"92":0,"94":0,"95":0,"96":0,"97":0,"98":0,"107":0,"108":0,"109":0,"110":0,"111":0,"112":0,"113":0,"114":0,"116":0,"117":0,"126":0,"127":0,"128":0,"129":0,"130":0,"131":0,"132":0,"133":0,"134":0,"135":0},"path":"C:\\Users\\numer\\dev\\locus\\tokenomics\\contracts\\diamonds\\locusStaking\\v1\\LSDepositaryFacet.sol","s":{"1":0,"2":0,"3":0,"4":0,"5":0,"6":0,"7":0,"8":0,"9":0,"10":0,"11":0,"12":0,"13":0,"14":0,"15":0,"16":0,"17":0,"18":0,"19":0,"20":0,"21":0,"22":0,"23":0,"24":0,"25":0,"26":0,"27":0,"28":0,"29":0,"30":0,"31":0,"32":0,"33":0},"b":{"1":[0,0],"2":[0,0],"3":[0,0],"4":[0,0],"5":[0,0],"6":[0,0],"7":[0,0],"8":[0,0],"9":[0,0],"10":[0,0],"11":[0,0],"12":[0,0],"13":[0,0],"14":[0,0],"15":[0,0],"16":[0,0],"17":[0,0],"18":[0,0],"19":[0,0],"20":[0,0],"21":[0,0]},"f":{"1":0,"2":0,"3":0,"4":0,"5":0,"6":0,"7":0,"8":0,"9":0},"fnMap":{"1":{"name":"_initialize_LSDepositaryFacet","line":40,"loc":{"start":{"line":36,"column":4},"end":{"line":43,"column":4}}},"2":{"name":"stakeFor","line":48,"loc":{"start":{"line":45,"column":4},"end":{"line":51,"column":4}}},"3":{"name":"stake","line":55,"loc":{"start":{"line":53,"column":4},"end":{"line":57,"column":4}}},"4":{"name":"withdraw","line":62,"loc":{"start":{"line":59,"column":4},"end":{"line":76,"column":4}}},"5":{"name":"getReward","line":80,"loc":{"start":{"line":78,"column":4},"end":{"line":82,"column":4}}},"6":{"name":"updateReward","line":84,"loc":{"start":{"line":84,"column":4},"end":{"line":86,"column":4}}},"7":{"name":"_getReward","line":88,"loc":{"start":{"line":88,"column":4},"end":{"line":104,"column":4}}},"8":{"name":"_updateReward","line":106,"loc":{"start":{"line":106,"column":4},"end":{"line":119,"column":4}}},"9":{"name":"_stake","line":121,"loc":{"start":{"line":121,"column":4},"end":{"line":137,"column":4}}}},"statementMap":{"1":{"start":{"line":42,"column":8},"end":{"line":42,"column":31}},"2":{"start":{"line":49,"column":8},"end":{"line":49,"column":76}},"3":{"start":{"line":50,"column":8},"end":{"line":50,"column":41}},"4":{"start":{"line":56,"column":8},"end":{"line":56,"column":45}},"5":{"start":{"line":63,"column":8},"end":{"line":63,"column":32}},"6":{"start":{"line":64,"column":8},"end":{"line":64,"column":58}},"7":{"start":{"line":65,"column":8},"end":{"line":65,"column":50}},"8":{"start":{"line":68,"column":8},"end":{"line":68,"column":2334}},"9":{"start":{"line":73,"column":8},"end":{"line":73,"column":2487}},"10":{"start":{"line":74,"column":12},"end":{"line":74,"column":88}},"11":{"start":{"line":81,"column":8},"end":{"line":81,"column":30}},"12":{"start":{"line":85,"column":8},"end":{"line":85,"column":29}},"13":{"start":{"line":89,"column":8},"end":{"line":89,"column":50}},"14":{"start":{"line":90,"column":8},"end":{"line":90,"column":56}},"15":{"start":{"line":91,"column":8},"end":{"line":91,"column":3185}},"16":{"start":{"line":92,"column":12},"end":{"line":92,"column":36}},"17":{"start":{"line":94,"column":8},"end":{"line":94,"column":47}},"18":{"start":{"line":95,"column":8},"end":{"line":95,"column":3342}},"19":{"start":{"line":98,"column":12},"end":{"line":98,"column":3456}},"20":{"start":{"line":107,"column":8},"end":{"line":107,"column":57}},"21":{"start":{"line":108,"column":8},"end":{"line":108,"column":50}},"22":{"start":{"line":109,"column":8},"end":{"line":109,"column":56}},"23":{"start":{"line":112,"column":8},"end":{"line":112,"column":3983}},"24":{"start":{"line":116,"column":8},"end":{"line":116,"column":4163}},"25":{"start":{"line":117,"column":12},"end":{"line":117,"column":68}},"26":{"start":{"line":126,"column":8},"end":{"line":126,"column":28}},"27":{"start":{"line":127,"column":8},"end":{"line":127,"column":50}},"28":{"start":{"line":128,"column":8},"end":{"line":128,"column":52}},"29":{"start":{"line":129,"column":8},"end":{"line":129,"column":55}},"30":{"start":{"line":132,"column":8},"end":{"line":132,"column":71}},"31":{"start":{"line":133,"column":8},"end":{"line":133,"column":41}},"32":{"start":{"line":134,"column":8},"end":{"line":134,"column":4833}},"33":{"start":{"line":135,"column":12},"end":{"line":135,"column":81}}},"branchMap":{"1":{"line":39,"type":"if","locations":[{"start":{"line":39,"column":8},"end":{"line":39,"column":8}},{"start":{"line":39,"column":8},"end":{"line":39,"column":8}}]},"2":{"line":40,"type":"if","locations":[{"start":{"line":40,"column":8},"end":{"line":40,"column":8}},{"start":{"line":40,"column":8},"end":{"line":40,"column":8}}]},"3":{"line":48,"type":"if","locations":[{"start":{"line":48,"column":24},"end":{"line":48,"column":24}},{"start":{"line":48,"column":24},"end":{"line":48,"column":24}}]},"4":{"line":48,"type":"if","locations":[{"start":{"line":48,"column":37},"end":{"line":48,"column":37}},{"start":{"line":48,"column":37},"end":{"line":48,"column":37}}]},"5":{"line":48,"type":"if","locations":[{"start":{"line":48,"column":51},"end":{"line":48,"column":51}},{"start":{"line":48,"column":51},"end":{"line":48,"column":51}}]},"6":{"line":55,"type":"if","locations":[{"start":{"line":55,"column":24},"end":{"line":55,"column":24}},{"start":{"line":55,"column":24},"end":{"line":55,"column":24}}]},"7":{"line":55,"type":"if","locations":[{"start":{"line":55,"column":37},"end":{"line":55,"column":37}},{"start":{"line":55,"column":37},"end":{"line":55,"column":37}}]},"8":{"line":55,"type":"if","locations":[{"start":{"line":55,"column":51},"end":{"line":55,"column":51}},{"start":{"line":55,"column":51},"end":{"line":55,"column":51}}]},"9":{"line":62,"type":"if","locations":[{"start":{"line":62,"column":22},"end":{"line":62,"column":22}},{"start":{"line":62,"column":22},"end":{"line":62,"column":22}}]},"10":{"line":62,"type":"if","locations":[{"start":{"line":62,"column":35},"end":{"line":62,"column":35}},{"start":{"line":62,"column":35},"end":{"line":62,"column":35}}]},"11":{"line":64,"type":"if","locations":[{"start":{"line":64,"column":8},"end":{"line":64,"column":8}},{"start":{"line":64,"column":8},"end":{"line":64,"column":8}}]},"12":{"line":73,"type":"if","locations":[{"start":{"line":73,"column":8},"end":{"line":73,"column":8}},{"start":{"line":73,"column":8},"end":{"line":73,"column":8}}]},"13":{"line":80,"type":"if","locations":[{"start":{"line":80,"column":22},"end":{"line":80,"column":22}},{"start":{"line":80,"column":22},"end":{"line":80,"column":22}}]},"14":{"line":80,"type":"if","locations":[{"start":{"line":80,"column":35},"end":{"line":80,"column":35}},{"start":{"line":80,"column":35},"end":{"line":80,"column":35}}]},"15":{"line":84,"type":"if","locations":[{"start":{"line":84,"column":59},"end":{"line":84,"column":59}},{"start":{"line":84,"column":59},"end":{"line":84,"column":59}}]},"16":{"line":91,"type":"if","locations":[{"start":{"line":91,"column":8},"end":{"line":91,"column":8}},{"start":{"line":91,"column":8},"end":{"line":91,"column":8}}]},"17":{"line":95,"type":"if","locations":[{"start":{"line":95,"column":8},"end":{"line":95,"column":8}},{"start":{"line":95,"column":8},"end":{"line":95,"column":8}}]},"18":{"line":112,"type":"if","locations":[{"start":{"line":112,"column":8},"end":{"line":112,"column":8}},{"start":{"line":112,"column":8},"end":{"line":112,"column":8}}]},"19":{"line":116,"type":"if","locations":[{"start":{"line":116,"column":8},"end":{"line":116,"column":8}},{"start":{"line":116,"column":8},"end":{"line":116,"column":8}}]},"20":{"line":129,"type":"if","locations":[{"start":{"line":129,"column":8},"end":{"line":129,"column":8}},{"start":{"line":129,"column":8},"end":{"line":129,"column":8}}]},"21":{"line":134,"type":"if","locations":[{"start":{"line":134,"column":8},"end":{"line":134,"column":8}},{"start":{"line":134,"column":8},"end":{"line":134,"column":8}}]}}},"contracts\\diamonds\\locusStaking\\v1\\LSInitializerFacet.sol":{"l":{"23":0,"25":0,"27":0,"31":0,"33":0,"34":0,"35":0,"36":0,"37":0,"41":0,"43":0,"47":0,"48":0,"57":0,"58":0,"67":0,"68":0,"73":0,"74":0,"76":0,"77":0,"78":0,"80":0,"82":0,"83":0,"85":0,"88":0,"89":0},"path":"C:\\Users\\numer\\dev\\locus\\tokenomics\\contracts\\diamonds\\locusStaking\\v1\\LSInitializerFacet.sol","s":{"1":0,"2":0,"3":0,"4":0,"5":0,"6":0,"7":0,"8":0,"9":0,"10":0,"11":0,"12":0,"13":0,"14":0,"15":0,"16":0},"b":{"1":[0,0],"2":[0,0],"3":[0,0],"4":[0,0],"5":[0,0],"6":[0,0]},"f":{"1":0,"2":0,"3":0,"4":0,"5":0},"fnMap":{"1":{"name":"initialize","line":14,"loc":{"start":{"line":14,"column":4},"end":{"line":38,"column":4}}},"2":{"name":"prepareDepositary","line":40,"loc":{"start":{"line":40,"column":4},"end":{"line":44,"column":4}}},"3":{"name":"setWrappedStakingLocus","line":46,"loc":{"start":{"line":46,"column":4},"end":{"line":49,"column":4}}},"4":{"name":"setFeesSettings","line":56,"loc":{"start":{"line":52,"column":4},"end":{"line":59,"column":4}}},"5":{"name":"_setFeesSettings","line":62,"loc":{"start":{"line":62,"column":4},"end":{"line":90,"column":4}}}},"statementMap":{"1":{"start":{"line":23,"column":8},"end":{"line":23,"column":34}},"2":{"start":{"line":25,"column":8},"end":{"line":25,"column":64}},"3":{"start":{"line":27,"column":8},"end":{"line":27,"column":869}},"4":{"start":{"line":31,"column":8},"end":{"line":31,"column":73}},"5":{"start":{"line":33,"column":8},"end":{"line":33,"column":50}},"6":{"start":{"line":41,"column":8},"end":{"line":41,"column":74}},"7":{"start":{"line":43,"column":8},"end":{"line":43,"column":72}},"8":{"start":{"line":47,"column":8},"end":{"line":47,"column":74}},"9":{"start":{"line":57,"column":8},"end":{"line":57,"column":74}},"10":{"start":{"line":58,"column":8},"end":{"line":58,"column":87}},"11":{"start":{"line":67,"column":8},"end":{"line":67,"column":2507}},"12":{"start":{"line":73,"column":8},"end":{"line":73,"column":45}},"13":{"start":{"line":74,"column":8},"end":{"line":74,"column":26}},"14":{"start":{"line":76,"column":8},"end":{"line":76,"column":2865}},"15":{"start":{"line":77,"column":12},"end":{"line":77,"column":2939}},"16":{"start":{"line":82,"column":12},"end":{"line":82,"column":3169}}},"branchMap":{"1":{"line":40,"type":"if","locations":[{"start":{"line":40,"column":51},"end":{"line":40,"column":51}},{"start":{"line":40,"column":51},"end":{"line":40,"column":51}}]},"2":{"line":46,"type":"if","locations":[{"start":{"line":46,"column":83},"end":{"line":46,"column":83}},{"start":{"line":46,"column":83},"end":{"line":46,"column":83}}]},"3":{"line":56,"type":"if","locations":[{"start":{"line":56,"column":24},"end":{"line":56,"column":24}},{"start":{"line":56,"column":24},"end":{"line":56,"column":24}}]},"4":{"line":67,"type":"if","locations":[{"start":{"line":67,"column":8},"end":{"line":67,"column":8}},{"start":{"line":67,"column":8},"end":{"line":67,"column":8}}]},"5":{"line":77,"type":"if","locations":[{"start":{"line":77,"column":12},"end":{"line":77,"column":12}},{"start":{"line":77,"column":12},"end":{"line":77,"column":12}}]},"6":{"line":82,"type":"if","locations":[{"start":{"line":82,"column":12},"end":{"line":82,"column":12}},{"start":{"line":82,"column":12},"end":{"line":82,"column":12}}]}}},"contracts\\diamonds\\locusStaking\\v1\\LSLoupeFacet.sol":{"l":{"19":0,"32":0,"33":0,"34":0,"36":0,"46":0,"47":0,"61":0,"71":0,"72":0,"76":0,"82":0,"86":0,"93":0,"97":0,"98":0,"108":0,"109":0,"122":0,"123":0,"124":0,"133":0,"134":0,"138":0,"149":0},"path":"C:\\Users\\numer\\dev\\locus\\tokenomics\\contracts\\diamonds\\locusStaking\\v1\\LSLoupeFacet.sol","s":{"1":0,"2":0,"3":0,"4":0,"5":0,"6":0,"7":0,"8":0,"9":0,"10":0,"11":0,"12":0,"13":0,"14":0,"15":0,"16":0,"17":0,"18":0,"19":0,"20":0,"21":0,"22":0,"23":0,"24":0},"b":{"1":[0,0],"2":[0,0],"3":[0,0],"4":[0,0],"5":[0,0],"6":[0,0],"7":[0,0],"8":[0,0],"9":[0,0],"10":[0,0],"11":[0,0],"12":[0,0],"13":[0,0]},"f":{"1":0,"2":0,"3":0,"4":0,"5":0,"6":0,"7":0,"8":0,"9":0,"10":0,"11":0,"12":0,"13":0,"14":0},"fnMap":{"1":{"name":"lastTimeRewardApplicable","line":16,"loc":{"start":{"line":12,"column":4},"end":{"line":23,"column":4}}},"2":{"name":"rewardPerToken","line":29,"loc":{"start":{"line":25,"column":4},"end":{"line":41,"column":4}}},"3":{"name":"earned","line":45,"loc":{"start":{"line":43,"column":4},"end":{"line":52,"column":4}}},"4":{"name":"getTotalReward","line":58,"loc":{"start":{"line":54,"column":4},"end":{"line":62,"column":4}}},"5":{"name":"getRewardForDuration","line":68,"loc":{"start":{"line":64,"column":4},"end":{"line":73,"column":4}}},"6":{"name":"totalSupply","line":75,"loc":{"start":{"line":75,"column":4},"end":{"line":77,"column":4}}},"7":{"name":"balanceOf","line":81,"loc":{"start":{"line":79,"column":4},"end":{"line":83,"column":4}}},"8":{"name":"decimals","line":85,"loc":{"start":{"line":85,"column":4},"end":{"line":87,"column":4}}},"9":{"name":"getProjectedAPR","line":92,"loc":{"start":{"line":89,"column":4},"end":{"line":94,"column":4}}},"10":{"name":"getAPR","line":96,"loc":{"start":{"line":96,"column":4},"end":{"line":99,"column":4}}},"11":{"name":"getAPRInAbsoluteValue","line":105,"loc":{"start":{"line":101,"column":4},"end":{"line":112,"column":4}}},"12":{"name":"_getProjectedAPRInAbsoluteValue","line":114,"loc":{"start":{"line":114,"column":4},"end":{"line":127,"column":4}}},"13":{"name":"_getProjectedAPR","line":129,"loc":{"start":{"line":129,"column":4},"end":{"line":141,"column":4}}},"14":{"name":"getPrimitives","line":143,"loc":{"start":{"line":143,"column":4},"end":{"line":150,"column":4}}}},"statementMap":{"1":{"start":{"line":19,"column":8},"end":{"line":19,"column":587}},"2":{"start":{"line":32,"column":8},"end":{"line":32,"column":49}},"3":{"start":{"line":33,"column":8},"end":{"line":33,"column":904}},"4":{"start":{"line":34,"column":12},"end":{"line":34,"column":41}},"5":{"start":{"line":36,"column":8},"end":{"line":36,"column":1035}},"6":{"start":{"line":46,"column":8},"end":{"line":46,"column":56}},"7":{"start":{"line":47,"column":8},"end":{"line":47,"column":1399}},"8":{"start":{"line":61,"column":8},"end":{"line":61,"column":40}},"9":{"start":{"line":71,"column":8},"end":{"line":71,"column":49}},"10":{"start":{"line":72,"column":8},"end":{"line":72,"column":47}},"11":{"start":{"line":76,"column":8},"end":{"line":76,"column":40}},"12":{"start":{"line":82,"column":8},"end":{"line":82,"column":48}},"13":{"start":{"line":86,"column":8},"end":{"line":86,"column":52}},"14":{"start":{"line":93,"column":8},"end":{"line":93,"column":59}},"15":{"start":{"line":97,"column":8},"end":{"line":97,"column":49}},"16":{"start":{"line":98,"column":8},"end":{"line":98,"column":64}},"17":{"start":{"line":108,"column":8},"end":{"line":108,"column":49}},"18":{"start":{"line":109,"column":8},"end":{"line":109,"column":3131}},"19":{"start":{"line":122,"column":8},"end":{"line":122,"column":49}},"20":{"start":{"line":123,"column":8},"end":{"line":123,"column":73}},"21":{"start":{"line":133,"column":8},"end":{"line":133,"column":73}},"22":{"start":{"line":134,"column":8},"end":{"line":134,"column":3991}},"23":{"start":{"line":138,"column":8},"end":{"line":138,"column":4198}},"24":{"start":{"line":149,"column":8},"end":{"line":149,"column":28}}},"branchMap":{"1":{"line":16,"type":"if","locations":[{"start":{"line":16,"column":8},"end":{"line":16,"column":8}},{"start":{"line":16,"column":8},"end":{"line":16,"column":8}}]},"2":{"line":21,"type":"if","locations":[{"start":{"line":21,"column":18},"end":{"line":21,"column":32}},{"start":{"line":22,"column":18},"end":{"line":22,"column":43}}]},"3":{"line":29,"type":"if","locations":[{"start":{"line":29,"column":8},"end":{"line":29,"column":8}},{"start":{"line":29,"column":8},"end":{"line":29,"column":8}}]},"4":{"line":33,"type":"if","locations":[{"start":{"line":33,"column":8},"end":{"line":33,"column":8}},{"start":{"line":33,"column":8},"end":{"line":33,"column":8}}]},"5":{"line":45,"type":"if","locations":[{"start":{"line":45,"column":29},"end":{"line":45,"column":29}},{"start":{"line":45,"column":29},"end":{"line":45,"column":29}}]},"6":{"line":58,"type":"if","locations":[{"start":{"line":58,"column":8},"end":{"line":58,"column":8}},{"start":{"line":58,"column":8},"end":{"line":58,"column":8}}]},"7":{"line":68,"type":"if","locations":[{"start":{"line":68,"column":8},"end":{"line":68,"column":8}},{"start":{"line":68,"column":8},"end":{"line":68,"column":8}}]},"8":{"line":75,"type":"if","locations":[{"start":{"line":75,"column":50},"end":{"line":75,"column":50}},{"start":{"line":75,"column":50},"end":{"line":75,"column":50}}]},"9":{"line":81,"type":"if","locations":[{"start":{"line":81,"column":29},"end":{"line":81,"column":29}},{"start":{"line":81,"column":29},"end":{"line":81,"column":29}}]},"10":{"line":85,"type":"if","locations":[{"start":{"line":85,"column":47},"end":{"line":85,"column":47}},{"start":{"line":85,"column":47},"end":{"line":85,"column":47}}]},"11":{"line":92,"type":"if","locations":[{"start":{"line":92,"column":29},"end":{"line":92,"column":29}},{"start":{"line":92,"column":29},"end":{"line":92,"column":29}}]},"12":{"line":96,"type":"if","locations":[{"start":{"line":96,"column":45},"end":{"line":96,"column":45}},{"start":{"line":96,"column":45},"end":{"line":96,"column":45}}]},"13":{"line":105,"type":"if","locations":[{"start":{"line":105,"column":8},"end":{"line":105,"column":8}},{"start":{"line":105,"column":8},"end":{"line":105,"column":8}}]}}},"contracts\\diamonds\\locusStaking\\v1\\LSManagementFacet.sol":{"l":{"18":0,"19":0,"21":0,"23":0,"24":0,"26":0,"27":0,"29":0,"30":0,"31":0,"38":0,"39":0,"42":0,"43":0,"44":0,"51":0,"52":0,"53":0,"55":0,"56":0,"62":0,"63":0,"64":0,"65":0,"69":0,"70":0},"path":"C:\\Users\\numer\\dev\\locus\\tokenomics\\contracts\\diamonds\\locusStaking\\v1\\LSManagementFacet.sol","s":{"1":0,"2":0,"3":0,"4":0,"5":0,"6":0,"7":0,"8":0,"9":0,"10":0,"11":0,"12":0,"13":0,"14":0,"15":0,"16":0,"17":0},"b":{"1":[0,0],"2":[0,0],"3":[0,0],"4":[0,0],"5":[0,0],"6":[0,0],"7":[0,0]},"f":{"1":0,"2":0,"3":0},"fnMap":{"1":{"name":"notifyRewardAmount","line":17,"loc":{"start":{"line":15,"column":4},"end":{"line":45,"column":4}}},"2":{"name":"recoverTokens","line":50,"loc":{"start":{"line":47,"column":4},"end":{"line":57,"column":4}}},"3":{"name":"setRewardsDuration","line":61,"loc":{"start":{"line":59,"column":4},"end":{"line":71,"column":4}}}},"statementMap":{"1":{"start":{"line":18,"column":8},"end":{"line":18,"column":74}},"2":{"start":{"line":19,"column":8},"end":{"line":19,"column":65}},"3":{"start":{"line":21,"column":8},"end":{"line":21,"column":50}},"4":{"start":{"line":23,"column":8},"end":{"line":23,"column":73}},"5":{"start":{"line":26,"column":8},"end":{"line":26,"column":932}},"6":{"start":{"line":29,"column":12},"end":{"line":29,"column":64}},"7":{"start":{"line":30,"column":12},"end":{"line":30,"column":55}},"8":{"start":{"line":38,"column":8},"end":{"line":38,"column":1611}},"9":{"start":{"line":44,"column":8},"end":{"line":44,"column":38}},"10":{"start":{"line":51,"column":8},"end":{"line":51,"column":74}},"11":{"start":{"line":52,"column":8},"end":{"line":52,"column":2113}},"12":{"start":{"line":55,"column":8},"end":{"line":55,"column":73}},"13":{"start":{"line":56,"column":8},"end":{"line":56,"column":55}},"14":{"start":{"line":62,"column":8},"end":{"line":62,"column":74}},"15":{"start":{"line":63,"column":8},"end":{"line":63,"column":50}},"16":{"start":{"line":64,"column":8},"end":{"line":64,"column":2653}},"17":{"start":{"line":70,"column":8},"end":{"line":70,"column":59}}},"branchMap":{"1":{"line":17,"type":"if","locations":[{"start":{"line":17,"column":24},"end":{"line":17,"column":24}},{"start":{"line":17,"column":24},"end":{"line":17,"column":24}}]},"2":{"line":26,"type":"if","locations":[{"start":{"line":26,"column":8},"end":{"line":26,"column":8}},{"start":{"line":26,"column":8},"end":{"line":26,"column":8}}]},"3":{"line":38,"type":"if","locations":[{"start":{"line":38,"column":8},"end":{"line":38,"column":8}},{"start":{"line":38,"column":8},"end":{"line":38,"column":8}}]},"4":{"line":50,"type":"if","locations":[{"start":{"line":50,"column":24},"end":{"line":50,"column":24}},{"start":{"line":50,"column":24},"end":{"line":50,"column":24}}]},"5":{"line":52,"type":"if","locations":[{"start":{"line":52,"column":8},"end":{"line":52,"column":8}},{"start":{"line":52,"column":8},"end":{"line":52,"column":8}}]},"6":{"line":61,"type":"if","locations":[{"start":{"line":61,"column":24},"end":{"line":61,"column":24}},{"start":{"line":61,"column":24},"end":{"line":61,"column":24}}]},"7":{"line":64,"type":"if","locations":[{"start":{"line":64,"column":8},"end":{"line":64,"column":8}},{"start":{"line":64,"column":8},"end":{"line":64,"column":8}}]}}},"contracts\\diamonds\\locusStaking\\v1\\LSProcessFeesFacet.sol":{"l":{"21":0,"22":0,"23":0,"27":0,"28":0,"37":0,"38":0,"39":0,"43":0,"44":0},"path":"C:\\Users\\numer\\dev\\locus\\tokenomics\\contracts\\diamonds\\locusStaking\\v1\\LSProcessFeesFacet.sol","s":{"1":0,"2":0,"3":0,"4":0,"5":0,"6":0,"7":0,"8":0,"9":0,"10":0},"b":{"1":[0,0],"2":[0,0],"3":[0,0],"4":[0,0]},"f":{"1":0,"2":0},"fnMap":{"1":{"name":"processRewardSending","line":20,"loc":{"start":{"line":16,"column":4},"end":{"line":30,"column":4}}},"2":{"name":"processWithdrawalSending","line":36,"loc":{"start":{"line":32,"column":4},"end":{"line":46,"column":4}}}},"statementMap":{"1":{"start":{"line":21,"column":8},"end":{"line":21,"column":50}},"2":{"start":{"line":22,"column":8},"end":{"line":22,"column":869}},"3":{"start":{"line":23,"column":12},"end":{"line":23,"column":933}},"4":{"start":{"line":27,"column":12},"end":{"line":27,"column":54}},"5":{"start":{"line":28,"column":12},"end":{"line":28,"column":74}},"6":{"start":{"line":37,"column":8},"end":{"line":37,"column":50}},"7":{"start":{"line":38,"column":8},"end":{"line":38,"column":1484}},"8":{"start":{"line":39,"column":12},"end":{"line":39,"column":1548}},"9":{"start":{"line":43,"column":12},"end":{"line":43,"column":54}},"10":{"start":{"line":44,"column":12},"end":{"line":44,"column":74}}},"branchMap":{"1":{"line":20,"type":"if","locations":[{"start":{"line":20,"column":24},"end":{"line":20,"column":24}},{"start":{"line":20,"column":24},"end":{"line":20,"column":24}}]},"2":{"line":22,"type":"if","locations":[{"start":{"line":22,"column":8},"end":{"line":22,"column":8}},{"start":{"line":22,"column":8},"end":{"line":22,"column":8}}]},"3":{"line":36,"type":"if","locations":[{"start":{"line":36,"column":24},"end":{"line":36,"column":24}},{"start":{"line":36,"column":24},"end":{"line":36,"column":24}}]},"4":{"line":38,"type":"if","locations":[{"start":{"line":38,"column":8},"end":{"line":38,"column":8}},{"start":{"line":38,"column":8},"end":{"line":38,"column":8}}]}}},"contracts\\diamonds\\locusStaking\\v2\\manualWithdrawQueueFacets\\interfaces\\ILSSendingsDequeFacet.sol":{"l":{},"path":"C:\\Users\\numer\\dev\\locus\\tokenomics\\contracts\\diamonds\\locusStaking\\v2\\manualWithdrawQueueFacets\\interfaces\\ILSSendingsDequeFacet.sol","s":{},"b":{},"f":{},"fnMap":{},"statementMap":{},"branchMap":{}},"contracts\\diamonds\\locusStaking\\v2\\manualWithdrawQueueFacets\\interfaces\\ILSSendingsDequeLoupeFacet.sol":{"l":{},"path":"C:\\Users\\numer\\dev\\locus\\tokenomics\\contracts\\diamonds\\locusStaking\\v2\\manualWithdrawQueueFacets\\interfaces\\ILSSendingsDequeLoupeFacet.sol","s":{},"b":{},"f":{},"fnMap":{},"statementMap":{},"branchMap":{}},"contracts\\diamonds\\locusStaking\\v2\\manualWithdrawQueueFacets\\libraries\\DelayedSendingsQueueLib.sol":{"l":{"40":0,"41":0},"path":"C:\\Users\\numer\\dev\\locus\\tokenomics\\contracts\\diamonds\\locusStaking\\v2\\manualWithdrawQueueFacets\\libraries\\DelayedSendingsQueueLib.sol","s":{"1":0},"b":{},"f":{"1":0},"fnMap":{"1":{"name":"get","line":39,"loc":{"start":{"line":39,"column":4},"end":{"line":44,"column":4}}}},"statementMap":{"1":{"start":{"line":40,"column":8},"end":{"line":40,"column":74}}},"branchMap":{}},"contracts\\diamonds\\locusStaking\\v2\\manualWithdrawQueueFacets\\LSSendingsDequeFacet.sol":{"l":{"27":0,"29":0,"30":0,"38":0,"39":0,"45":0,"48":0,"49":0,"52":0,"53":0,"54":0,"55":0,"56":0,"58":0,"59":0,"63":0,"65":0,"67":0,"69":0,"70":0,"74":0,"77":0,"80":0,"81":0,"82":0,"83":0,"85":0,"86":0,"94":0,"95":0,"99":0,"106":0,"116":0,"117":0,"118":0,"122":0,"125":0,"127":0,"129":0,"132":0,"133":0,"135":0,"136":0},"path":"C:\\Users\\numer\\dev\\locus\\tokenomics\\contracts\\diamonds\\locusStaking\\v2\\manualWithdrawQueueFacets\\LSSendingsDequeFacet.sol","s":{"1":0,"2":0,"3":0,"4":0,"5":0,"6":0,"7":0,"8":0,"9":0,"10":0,"11":0,"12":0,"13":0,"14":0,"15":0,"16":0,"17":0,"18":0,"19":0,"20":0,"21":0,"22":0,"23":0,"24":0,"25":0,"26":0,"27":0,"28":0,"29":0,"30":0,"31":0},"b":{"1":[0,0],"2":[0,0],"3":[0,0],"4":[0,0],"5":[0,0],"6":[0,0],"7":[0,0],"8":[0,0],"9":[0,0],"10":[0,0],"11":[0,0],"12":[0,0]},"f":{"1":0,"2":0,"3":0},"fnMap":{"1":{"name":"addDelayedSending","line":26,"loc":{"start":{"line":21,"column":4},"end":{"line":71,"column":4}}},"2":{"name":"processQueue","line":73,"loc":{"start":{"line":73,"column":4},"end":{"line":109,"column":4}}},"3":{"name":"_getAmountWithAccountedFees","line":111,"loc":{"start":{"line":111,"column":4},"end":{"line":141,"column":4}}}},"statementMap":{"1":{"start":{"line":27,"column":8},"end":{"line":27,"column":1148}},"2":{"start":{"line":29,"column":8},"end":{"line":29,"column":1236}},"3":{"start":{"line":30,"column":12},"end":{"line":30,"column":1322}},"4":{"start":{"line":38,"column":12},"end":{"line":38,"column":62}},"5":{"start":{"line":39,"column":12},"end":{"line":39,"column":1643}},"6":{"start":{"line":45,"column":12},"end":{"line":45,"column":18}},"7":{"start":{"line":48,"column":8},"end":{"line":48,"column":56}},"8":{"start":{"line":49,"column":8},"end":{"line":49,"column":1899}},"9":{"start":{"line":58,"column":8},"end":{"line":58,"column":2241}},"10":{"start":{"line":60,"column":15},"end":{"line":60,"column":2391}},"11":{"start":{"line":64,"column":15},"end":{"line":64,"column":2566}},"12":{"start":{"line":69,"column":8},"end":{"line":69,"column":56}},"13":{"start":{"line":70,"column":8},"end":{"line":70,"column":32}},"14":{"start":{"line":74,"column":8},"end":{"line":74,"column":2982}},"15":{"start":{"line":77,"column":8},"end":{"line":77,"column":3126}},"16":{"start":{"line":80,"column":8},"end":{"line":80,"column":59}},"17":{"start":{"line":81,"column":8},"end":{"line":81,"column":3278}},"18":{"start":{"line":82,"column":12},"end":{"line":82,"column":75}},"19":{"start":{"line":83,"column":12},"end":{"line":83,"column":3452}},"20":{"start":{"line":85,"column":12},"end":{"line":85,"column":3539}},"21":{"start":{"line":86,"column":16},"end":{"line":86,"column":3614}},"22":{"start":{"line":95,"column":16},"end":{"line":95,"column":4003}},"23":{"start":{"line":99,"column":16},"end":{"line":99,"column":4151}},"24":{"start":{"line":106,"column":16},"end":{"line":106,"column":67}},"25":{"start":{"line":116,"column":8},"end":{"line":116,"column":26}},"26":{"start":{"line":117,"column":8},"end":{"line":117,"column":4748}},"27":{"start":{"line":119,"column":15},"end":{"line":119,"column":4865}},"28":{"start":{"line":123,"column":15},"end":{"line":123,"column":5007}},"29":{"start":{"line":126,"column":15},"end":{"line":126,"column":5161}},"30":{"start":{"line":135,"column":8},"end":{"line":135,"column":5490}},"31":{"start":{"line":136,"column":12},"end":{"line":136,"column":5531}}},"branchMap":{"1":{"line":26,"type":"if","locations":[{"start":{"line":26,"column":24},"end":{"line":26,"column":24}},{"start":{"line":26,"column":24},"end":{"line":26,"column":24}}]},"2":{"line":29,"type":"if","locations":[{"start":{"line":29,"column":8},"end":{"line":29,"column":8}},{"start":{"line":29,"column":8},"end":{"line":29,"column":8}}]},"3":{"line":58,"type":"if","locations":[{"start":{"line":58,"column":8},"end":{"line":58,"column":8}},{"start":{"line":58,"column":8},"end":{"line":58,"column":8}}]},"4":{"line":60,"type":"if","locations":[{"start":{"line":60,"column":15},"end":{"line":60,"column":15}},{"start":{"line":60,"column":15},"end":{"line":60,"column":15}}]},"5":{"line":64,"type":"if","locations":[{"start":{"line":64,"column":15},"end":{"line":64,"column":15}},{"start":{"line":64,"column":15},"end":{"line":64,"column":15}}]},"6":{"line":73,"type":"if","locations":[{"start":{"line":73,"column":46},"end":{"line":73,"column":46}},{"start":{"line":73,"column":46},"end":{"line":73,"column":46}}]},"7":{"line":85,"type":"if","locations":[{"start":{"line":85,"column":12},"end":{"line":85,"column":12}},{"start":{"line":85,"column":12},"end":{"line":85,"column":12}}]},"8":{"line":117,"type":"if","locations":[{"start":{"line":117,"column":8},"end":{"line":117,"column":8}},{"start":{"line":117,"column":8},"end":{"line":117,"column":8}}]},"9":{"line":119,"type":"if","locations":[{"start":{"line":119,"column":15},"end":{"line":119,"column":15}},{"start":{"line":119,"column":15},"end":{"line":119,"column":15}}]},"10":{"line":123,"type":"if","locations":[{"start":{"line":123,"column":15},"end":{"line":123,"column":15}},{"start":{"line":123,"column":15},"end":{"line":123,"column":15}}]},"11":{"line":126,"type":"if","locations":[{"start":{"line":126,"column":15},"end":{"line":126,"column":15}},{"start":{"line":126,"column":15},"end":{"line":126,"column":15}}]},"12":{"line":135,"type":"if","locations":[{"start":{"line":135,"column":8},"end":{"line":135,"column":8}},{"start":{"line":135,"column":8},"end":{"line":135,"column":8}}]}}},"contracts\\diamonds\\locusStaking\\v2\\manualWithdrawQueueFacets\\LSSendingsDequeLoupeFacet.sol":{"l":{"23":0,"29":0,"39":0,"49":0,"51":0,"52":0,"53":0},"path":"C:\\Users\\numer\\dev\\locus\\tokenomics\\contracts\\diamonds\\locusStaking\\v2\\manualWithdrawQueueFacets\\LSSendingsDequeLoupeFacet.sol","s":{"1":0,"2":0,"3":0,"4":0,"5":0},"b":{"1":[0,0],"2":[0,0],"3":[0,0]},"f":{"1":0,"2":0,"3":0,"4":0},"fnMap":{"1":{"name":"getDelayedSending","line":20,"loc":{"start":{"line":14,"column":4},"end":{"line":24,"column":4}}},"2":{"name":"getTotalSendingsPerStaker","line":26,"loc":{"start":{"line":26,"column":4},"end":{"line":30,"column":4}}},"3":{"name":"getDequeSize","line":36,"loc":{"start":{"line":32,"column":4},"end":{"line":40,"column":4}}},"4":{"name":"getSendingsDeque","line":46,"loc":{"start":{"line":42,"column":4},"end":{"line":56,"column":4}}}},"statementMap":{"1":{"start":{"line":23,"column":8},"end":{"line":23,"column":62}},"2":{"start":{"line":29,"column":8},"end":{"line":29,"column":75}},"3":{"start":{"line":39,"column":8},"end":{"line":39,"column":67}},"4":{"start":{"line":49,"column":8},"end":{"line":49,"column":1403}},"5":{"start":{"line":52,"column":8},"end":{"line":52,"column":1560}}},"branchMap":{"1":{"line":20,"type":"if","locations":[{"start":{"line":20,"column":8},"end":{"line":20,"column":8}},{"start":{"line":20,"column":8},"end":{"line":20,"column":8}}]},"2":{"line":36,"type":"if","locations":[{"start":{"line":36,"column":8},"end":{"line":36,"column":8}},{"start":{"line":36,"column":8},"end":{"line":36,"column":8}}]},"3":{"line":46,"type":"if","locations":[{"start":{"line":46,"column":8},"end":{"line":46,"column":8}},{"start":{"line":46,"column":8},"end":{"line":46,"column":8}}]}}},"contracts\\diamonds\\locusToken\\DiamondLocusToken.sol":{"l":{},"path":"C:\\Users\\numer\\dev\\locus\\tokenomics\\contracts\\diamonds\\locusToken\\DiamondLocusToken.sol","s":{},"b":{},"f":{},"fnMap":{},"statementMap":{},"branchMap":{}},"contracts\\diamonds\\locusToken\\LTLib.sol":{"l":{"25":0,"26":0},"path":"C:\\Users\\numer\\dev\\locus\\tokenomics\\contracts\\diamonds\\locusToken\\LTLib.sol","s":{"1":0},"b":{},"f":{"1":0},"fnMap":{"1":{"name":"get","line":24,"loc":{"start":{"line":24,"column":4},"end":{"line":29,"column":4}}}},"statementMap":{"1":{"start":{"line":25,"column":8},"end":{"line":25,"column":55}}},"branchMap":{}},"contracts\\diamonds\\locusToken\\v1\\autocracy\\interfaces\\ILTAutocracyFacet.sol":{"l":{},"path":"C:\\Users\\numer\\dev\\locus\\tokenomics\\contracts\\diamonds\\locusToken\\v1\\autocracy\\interfaces\\ILTAutocracyFacet.sol","s":{},"b":{},"f":{},"fnMap":{},"statementMap":{},"branchMap":{}},"contracts\\diamonds\\locusToken\\v1\\autocracy\\libraries\\AutocracyLib.sol":{"l":{"17":0,"18":0},"path":"C:\\Users\\numer\\dev\\locus\\tokenomics\\contracts\\diamonds\\locusToken\\v1\\autocracy\\libraries\\AutocracyLib.sol","s":{"1":0},"b":{},"f":{"1":0},"fnMap":{"1":{"name":"get","line":16,"loc":{"start":{"line":16,"column":4},"end":{"line":21,"column":4}}}},"statementMap":{"1":{"start":{"line":17,"column":8},"end":{"line":17,"column":65}}},"branchMap":{}},"contracts\\diamonds\\locusToken\\v1\\autocracy\\LTAutocracyFacet.sol":{"l":{"15":0,"16":0,"20":0,"21":0,"25":0,"29":0,"33":0,"34":0,"35":0,"36":0,"37":0,"38":0},"path":"C:\\Users\\numer\\dev\\locus\\tokenomics\\contracts\\diamonds\\locusToken\\v1\\autocracy\\LTAutocracyFacet.sol","s":{"1":0,"2":0,"3":0,"4":0,"5":0,"6":0,"7":0,"8":0,"9":0,"10":0},"b":{"1":[0,0],"2":[0,0],"3":[0,0],"4":[0,0],"5":[0,0]},"f":{"1":0,"2":0,"3":0,"4":0,"5":0},"fnMap":{"1":{"name":"burn","line":14,"loc":{"start":{"line":14,"column":4},"end":{"line":17,"column":4}}},"2":{"name":"mint","line":19,"loc":{"start":{"line":19,"column":4},"end":{"line":22,"column":4}}},"3":{"name":"establishAutocracy","line":24,"loc":{"start":{"line":24,"column":4},"end":{"line":26,"column":4}}},"4":{"name":"areAutocratsReign","line":28,"loc":{"start":{"line":28,"column":4},"end":{"line":30,"column":4}}},"5":{"name":"defeatAutocracyForever","line":32,"loc":{"start":{"line":32,"column":4},"end":{"line":39,"column":4}}}},"statementMap":{"1":{"start":{"line":15,"column":8},"end":{"line":15,"column":71}},"2":{"start":{"line":16,"column":8},"end":{"line":16,"column":58}},"3":{"start":{"line":20,"column":8},"end":{"line":20,"column":71}},"4":{"start":{"line":21,"column":8},"end":{"line":21,"column":55}},"5":{"start":{"line":29,"column":8},"end":{"line":29,"column":52}},"6":{"start":{"line":33,"column":8},"end":{"line":33,"column":76}},"7":{"start":{"line":35,"column":8},"end":{"line":35,"column":95}},"8":{"start":{"line":36,"column":8},"end":{"line":36,"column":91}},"9":{"start":{"line":37,"column":8},"end":{"line":37,"column":77}},"10":{"start":{"line":38,"column":8},"end":{"line":38,"column":77}}},"branchMap":{"1":{"line":14,"type":"if","locations":[{"start":{"line":14,"column":66},"end":{"line":14,"column":66}},{"start":{"line":14,"column":66},"end":{"line":14,"column":66}}]},"2":{"line":19,"type":"if","locations":[{"start":{"line":19,"column":65},"end":{"line":19,"column":65}},{"start":{"line":19,"column":65},"end":{"line":19,"column":65}}]},"3":{"line":24,"type":"if","locations":[{"start":{"line":24,"column":52},"end":{"line":24,"column":52}},{"start":{"line":24,"column":52},"end":{"line":24,"column":52}}]},"4":{"line":28,"type":"if","locations":[{"start":{"line":28,"column":56},"end":{"line":28,"column":56}},{"start":{"line":28,"column":56},"end":{"line":28,"column":56}}]},"5":{"line":32,"type":"if","locations":[{"start":{"line":32,"column":56},"end":{"line":32,"column":56}},{"start":{"line":32,"column":56},"end":{"line":32,"column":56}}]}}},"contracts\\diamonds\\locusToken\\v1\\interfaces\\ILTEmissionControlFacet.sol":{"l":{},"path":"C:\\Users\\numer\\dev\\locus\\tokenomics\\contracts\\diamonds\\locusToken\\v1\\interfaces\\ILTEmissionControlFacet.sol","s":{},"b":{},"f":{},"fnMap":{},"statementMap":{},"branchMap":{}},"contracts\\diamonds\\locusToken\\v1\\interfaces\\ILTERC20Facet.sol":{"l":{},"path":"C:\\Users\\numer\\dev\\locus\\tokenomics\\contracts\\diamonds\\locusToken\\v1\\interfaces\\ILTERC20Facet.sol","s":{},"b":{},"f":{},"fnMap":{},"statementMap":{},"branchMap":{}},"contracts\\diamonds\\locusToken\\v1\\interfaces\\ILTInitializerFacet.sol":{"l":{},"path":"C:\\Users\\numer\\dev\\locus\\tokenomics\\contracts\\diamonds\\locusToken\\v1\\interfaces\\ILTInitializerFacet.sol","s":{},"b":{},"f":{},"fnMap":{},"statementMap":{},"branchMap":{}},"contracts\\diamonds\\locusToken\\v1\\LTEmissionControlFacet.sol":{"l":{"15":0,"16":0,"18":0,"19":0,"20":0,"22":0,"23":0,"25":0,"29":0},"path":"C:\\Users\\numer\\dev\\locus\\tokenomics\\contracts\\diamonds\\locusToken\\v1\\LTEmissionControlFacet.sol","s":{"1":0,"2":0,"3":0,"4":0,"5":0,"6":0,"7":0},"b":{"1":[0,0],"2":[0,0],"3":[0,0]},"f":{"1":0},"fnMap":{"1":{"name":"mintInflation","line":14,"loc":{"start":{"line":14,"column":4},"end":{"line":30,"column":4}}}},"statementMap":{"1":{"start":{"line":15,"column":8},"end":{"line":15,"column":74}},"2":{"start":{"line":16,"column":8},"end":{"line":16,"column":764}},"3":{"start":{"line":18,"column":8},"end":{"line":18,"column":853}},"4":{"start":{"line":19,"column":12},"end":{"line":19,"column":66}},"5":{"start":{"line":20,"column":12},"end":{"line":20,"column":18}},"6":{"start":{"line":22,"column":8},"end":{"line":22,"column":1005}},"7":{"start":{"line":25,"column":8},"end":{"line":25,"column":1145}}},"branchMap":{"1":{"line":14,"type":"if","locations":[{"start":{"line":14,"column":47},"end":{"line":14,"column":47}},{"start":{"line":14,"column":47},"end":{"line":14,"column":47}}]},"2":{"line":18,"type":"if","locations":[{"start":{"line":18,"column":8},"end":{"line":18,"column":8}},{"start":{"line":18,"column":8},"end":{"line":18,"column":8}}]},"3":{"line":22,"type":"if","locations":[{"start":{"line":22,"column":8},"end":{"line":22,"column":8}},{"start":{"line":22,"column":8},"end":{"line":22,"column":8}}]}}},"contracts\\diamonds\\locusToken\\v1\\LTERC20Facet.sol":{"l":{"19":0,"20":0,"21":0,"22":0,"29":0,"36":0,"45":0,"46":0,"51":0,"52":0,"53":0,"58":0,"62":0,"68":0,"73":0,"79":0,"86":0,"99":0,"106":0,"114":0},"path":"C:\\Users\\numer\\dev\\locus\\tokenomics\\contracts\\diamonds\\locusToken\\v1\\LTERC20Facet.sol","s":{"1":0,"2":0,"3":0,"4":0,"5":0,"6":0,"7":0,"8":0,"9":0,"10":0,"11":0,"12":0,"13":0,"14":0,"15":0,"16":0,"17":0,"18":0,"19":0,"20":0},"b":{"1":[0,0],"2":[0,0],"3":[0,0],"4":[0,0],"5":[0,0],"6":[0,0],"7":[0,0],"8":[0,0],"9":[0,0],"10":[0,0],"11":[0,0]},"f":{"1":0,"2":0,"3":0,"4":0,"5":0,"6":0,"7":0,"8":0,"9":0,"10":0,"11":0,"12":0,"13":0},"fnMap":{"1":{"name":"setupTokenInfo","line":18,"loc":{"start":{"line":18,"column":4},"end":{"line":23,"column":4}}},"2":{"name":"mintTo","line":28,"loc":{"start":{"line":25,"column":4},"end":{"line":30,"column":4}}},"3":{"name":"burnFrom","line":35,"loc":{"start":{"line":32,"column":4},"end":{"line":37,"column":4}}},"4":{"name":"_spendAllowance","line":40,"loc":{"start":{"line":40,"column":4},"end":{"line":48,"column":4}}},"5":{"name":"_delegate","line":50,"loc":{"start":{"line":50,"column":4},"end":{"line":59,"column":4}}},"6":{"name":"delegateTo","line":61,"loc":{"start":{"line":61,"column":4},"end":{"line":63,"column":4}}},"7":{"name":"getDelegatee","line":67,"loc":{"start":{"line":65,"column":4},"end":{"line":69,"column":4}}},"8":{"name":"enablePolitics","line":72,"loc":{"start":{"line":72,"column":4},"end":{"line":74,"column":4}}},"9":{"name":"getVotingPower","line":78,"loc":{"start":{"line":76,"column":4},"end":{"line":80,"column":4}}},"10":{"name":"getPastVotingPower","line":85,"loc":{"start":{"line":82,"column":4},"end":{"line":87,"column":4}}},"11":{"name":"_mint","line":89,"loc":{"start":{"line":89,"column":4},"end":{"line":100,"column":4}}},"12":{"name":"_burn","line":102,"loc":{"start":{"line":102,"column":4},"end":{"line":107,"column":4}}},"13":{"name":"_afterTokenTransfer","line":109,"loc":{"start":{"line":109,"column":4},"end":{"line":115,"column":4}}}},"statementMap":{"1":{"start":{"line":19,"column":8},"end":{"line":19,"column":61}},"2":{"start":{"line":20,"column":8},"end":{"line":20,"column":47}},"3":{"start":{"line":21,"column":8},"end":{"line":21,"column":45}},"4":{"start":{"line":22,"column":8},"end":{"line":22,"column":26}},"5":{"start":{"line":29,"column":8},"end":{"line":29,"column":29}},"6":{"start":{"line":36,"column":8},"end":{"line":36,"column":29}},"7":{"start":{"line":45,"column":8},"end":{"line":45,"column":1337}},"8":{"start":{"line":46,"column":12},"end":{"line":46,"column":55}},"9":{"start":{"line":51,"column":8},"end":{"line":51,"column":1576}},"10":{"start":{"line":52,"column":12},"end":{"line":52,"column":78}},"11":{"start":{"line":53,"column":12},"end":{"line":53,"column":1720}},"12":{"start":{"line":58,"column":8},"end":{"line":58,"column":42}},"13":{"start":{"line":62,"column":8},"end":{"line":62,"column":26}},"14":{"start":{"line":68,"column":8},"end":{"line":68,"column":33}},"15":{"start":{"line":73,"column":8},"end":{"line":73,"column":27}},"16":{"start":{"line":79,"column":8},"end":{"line":79,"column":32}},"17":{"start":{"line":86,"column":8},"end":{"line":86,"column":47}},"18":{"start":{"line":99,"column":8},"end":{"line":99,"column":35}},"19":{"start":{"line":106,"column":8},"end":{"line":106,"column":35}},"20":{"start":{"line":114,"column":8},"end":{"line":114,"column":50}}},"branchMap":{"1":{"line":18,"type":"if","locations":[{"start":{"line":18,"column":48},"end":{"line":18,"column":48}},{"start":{"line":18,"column":48},"end":{"line":18,"column":48}}]},"2":{"line":18,"type":"if","locations":[{"start":{"line":18,"column":60},"end":{"line":18,"column":60}},{"start":{"line":18,"column":60},"end":{"line":18,"column":60}}]},"3":{"line":28,"type":"if","locations":[{"start":{"line":28,"column":24},"end":{"line":28,"column":24}},{"start":{"line":28,"column":24},"end":{"line":28,"column":24}}]},"4":{"line":35,"type":"if","locations":[{"start":{"line":35,"column":24},"end":{"line":35,"column":24}},{"start":{"line":35,"column":24},"end":{"line":35,"column":24}}]},"5":{"line":45,"type":"if","locations":[{"start":{"line":45,"column":8},"end":{"line":45,"column":8}},{"start":{"line":45,"column":8},"end":{"line":45,"column":8}}]},"6":{"line":51,"type":"if","locations":[{"start":{"line":51,"column":8},"end":{"line":51,"column":8}},{"start":{"line":51,"column":8},"end":{"line":51,"column":8}}]},"7":{"line":61,"type":"if","locations":[{"start":{"line":61,"column":61},"end":{"line":61,"column":61}},{"start":{"line":61,"column":61},"end":{"line":61,"column":61}}]},"8":{"line":67,"type":"if","locations":[{"start":{"line":67,"column":29},"end":{"line":67,"column":29}},{"start":{"line":67,"column":29},"end":{"line":67,"column":29}}]},"9":{"line":72,"type":"if","locations":[{"start":{"line":72,"column":48},"end":{"line":72,"column":48}},{"start":{"line":72,"column":48},"end":{"line":72,"column":48}}]},"10":{"line":78,"type":"if","locations":[{"start":{"line":78,"column":29},"end":{"line":78,"column":29}},{"start":{"line":78,"column":29},"end":{"line":78,"column":29}}]},"11":{"line":85,"type":"if","locations":[{"start":{"line":85,"column":29},"end":{"line":85,"column":29}},{"start":{"line":85,"column":29},"end":{"line":85,"column":29}}]}}},"contracts\\diamonds\\locusToken\\v1\\LTInitializerFacet.sol":{"l":{"16":0,"17":0,"20":0,"21":0,"23":0,"24":0,"25":0,"30":0,"31":0,"40":0,"41":0,"42":0,"44":0,"47":0,"52":0,"53":0,"58":0,"59":0,"65":0,"66":0,"67":0,"68":0,"69":0,"71":0,"75":0,"79":0,"83":0,"84":0,"90":0},"path":"C:\\Users\\numer\\dev\\locus\\tokenomics\\contracts\\diamonds\\locusToken\\v1\\LTInitializerFacet.sol","s":{"1":0,"2":0,"3":0,"4":0,"5":0,"6":0,"7":0,"8":0,"9":0,"10":0,"11":0,"12":0,"13":0,"14":0,"15":0,"16":0,"17":0,"18":0,"19":0},"b":{"1":[0,0],"2":[0,0],"3":[0,0],"4":[0,0],"5":[0,0],"6":[0,0],"7":[0,0]},"f":{"1":0,"2":0,"3":0},"fnMap":{"1":{"name":"initialize","line":15,"loc":{"start":{"line":15,"column":4},"end":{"line":26,"column":4}}},"2":{"name":"setupTokenInfoAndEstablishAutocracy","line":28,"loc":{"start":{"line":28,"column":4},"end":{"line":32,"column":4}}},"3":{"name":"setupInflation","line":39,"loc":{"start":{"line":34,"column":4},"end":{"line":91,"column":4}}}},"statementMap":{"1":{"start":{"line":16,"column":8},"end":{"line":16,"column":34}},"2":{"start":{"line":17,"column":8},"end":{"line":17,"column":45}},"3":{"start":{"line":23,"column":8},"end":{"line":23,"column":73}},"4":{"start":{"line":24,"column":8},"end":{"line":24,"column":75}},"5":{"start":{"line":25,"column":8},"end":{"line":25,"column":70}},"6":{"start":{"line":30,"column":8},"end":{"line":30,"column":52}},"7":{"start":{"line":31,"column":8},"end":{"line":31,"column":60}},"8":{"start":{"line":40,"column":8},"end":{"line":40,"column":74}},"9":{"start":{"line":41,"column":8},"end":{"line":41,"column":1870}},"10":{"start":{"line":44,"column":8},"end":{"line":44,"column":2008}},"11":{"start":{"line":52,"column":8},"end":{"line":52,"column":2285}},"12":{"start":{"line":58,"column":8},"end":{"line":58,"column":2516}},"13":{"start":{"line":65,"column":8},"end":{"line":65,"column":45}},"14":{"start":{"line":66,"column":8},"end":{"line":66,"column":35}},"15":{"start":{"line":67,"column":8},"end":{"line":67,"column":2851}},"16":{"start":{"line":68,"column":12},"end":{"line":68,"column":2934}},"17":{"start":{"line":75,"column":12},"end":{"line":75,"column":3221}},"18":{"start":{"line":83,"column":8},"end":{"line":83,"column":3744}},"19":{"start":{"line":84,"column":12},"end":{"line":84,"column":3822}}},"branchMap":{"1":{"line":28,"type":"if","locations":[{"start":{"line":28,"column":69},"end":{"line":28,"column":69}},{"start":{"line":28,"column":69},"end":{"line":28,"column":69}}]},"2":{"line":39,"type":"if","locations":[{"start":{"line":39,"column":24},"end":{"line":39,"column":24}},{"start":{"line":39,"column":24},"end":{"line":39,"column":24}}]},"3":{"line":41,"type":"if","locations":[{"start":{"line":41,"column":8},"end":{"line":41,"column":8}},{"start":{"line":41,"column":8},"end":{"line":41,"column":8}}]},"4":{"line":44,"type":"if","locations":[{"start":{"line":44,"column":8},"end":{"line":44,"column":8}},{"start":{"line":44,"column":8},"end":{"line":44,"column":8}}]},"5":{"line":52,"type":"if","locations":[{"start":{"line":52,"column":8},"end":{"line":52,"column":8}},{"start":{"line":52,"column":8},"end":{"line":52,"column":8}}]},"6":{"line":58,"type":"if","locations":[{"start":{"line":58,"column":8},"end":{"line":58,"column":8}},{"start":{"line":58,"column":8},"end":{"line":58,"column":8}}]},"7":{"line":68,"type":"if","locations":[{"start":{"line":68,"column":12},"end":{"line":68,"column":12}},{"start":{"line":68,"column":12},"end":{"line":68,"column":12}}]}}},"contracts\\notDiamonds\\interfaces\\IMockContract.sol":{"l":{},"path":"C:\\Users\\numer\\dev\\locus\\tokenomics\\contracts\\notDiamonds\\interfaces\\IMockContract.sol","s":{},"b":{},"f":{},"fnMap":{},"statementMap":{},"branchMap":{}},"contracts\\notDiamonds\\interfaces\\IWrappedStakingLocus.sol":{"l":{},"path":"C:\\Users\\numer\\dev\\locus\\tokenomics\\contracts\\notDiamonds\\interfaces\\IWrappedStakingLocus.sol","s":{},"b":{},"f":{},"fnMap":{},"statementMap":{},"branchMap":{}},"contracts\\notDiamonds\\LocusGovernor.sol":{"l":{"43":0},"path":"C:\\Users\\numer\\dev\\locus\\tokenomics\\contracts\\notDiamonds\\LocusGovernor.sol","s":{"1":0},"b":{},"f":{"1":0,"2":0},"fnMap":{"1":{"name":"constructor","line":34,"loc":{"start":{"line":19,"column":4},"end":{"line":35,"column":5}}},"2":{"name":"proposalThreshold","line":37,"loc":{"start":{"line":37,"column":4},"end":{"line":44,"column":4}}}},"statementMap":{"1":{"start":{"line":43,"column":8},"end":{"line":43,"column":40}}},"branchMap":{}},"contracts\\notDiamonds\\MidasClaim.sol":{"l":{"38":0,"39":0,"40":0,"41":0,"42":0,"46":0,"47":0,"49":0,"50":0,"54":0,"55":0,"57":0,"58":0,"62":0,"63":0,"65":0,"66":0,"74":0,"75":0,"76":0,"77":0,"78":0,"79":0,"83":0,"84":0},"path":"C:\\Users\\numer\\dev\\locus\\tokenomics\\contracts\\notDiamonds\\MidasClaim.sol","s":{"1":0,"2":0,"3":0,"4":0,"5":0,"6":0,"7":0,"8":0,"9":0,"10":0,"11":0,"12":0,"13":0,"14":0},"b":{"1":[0,0],"2":[0,0],"3":[0,0],"4":[0,0],"5":[0,0],"6":[0,0],"7":[0,0],"8":[0,0],"9":[0,0]},"f":{"1":0,"2":0,"3":0,"4":0,"5":0,"6":0},"fnMap":{"1":{"name":"constructor","line":32,"loc":{"start":{"line":32,"column":4},"end":{"line":43,"column":4}}},"2":{"name":"setNewMerkleRoot","line":45,"loc":{"start":{"line":45,"column":4},"end":{"line":51,"column":4}}},"3":{"name":"setNewToken","line":53,"loc":{"start":{"line":53,"column":4},"end":{"line":59,"column":4}}},"4":{"name":"setNewTreasury","line":61,"loc":{"start":{"line":61,"column":4},"end":{"line":67,"column":4}}},"5":{"name":"claim","line":69,"loc":{"start":{"line":69,"column":4},"end":{"line":80,"column":4}}},"6":{"name":"emergencyExit","line":82,"loc":{"start":{"line":82,"column":4},"end":{"line":85,"column":4}}}},"statementMap":{"1":{"start":{"line":42,"column":8},"end":{"line":42,"column":57}},"2":{"start":{"line":46,"column":8},"end":{"line":46,"column":1538}},"3":{"start":{"line":49,"column":8},"end":{"line":49,"column":52}},"4":{"start":{"line":54,"column":8},"end":{"line":54,"column":1793}},"5":{"start":{"line":57,"column":8},"end":{"line":57,"column":59}},"6":{"start":{"line":62,"column":8},"end":{"line":62,"column":2066}},"7":{"start":{"line":65,"column":8},"end":{"line":65,"column":51}},"8":{"start":{"line":74,"column":8},"end":{"line":74,"column":70}},"9":{"start":{"line":75,"column":8},"end":{"line":75,"column":90}},"10":{"start":{"line":76,"column":8},"end":{"line":76,"column":77}},"11":{"start":{"line":77,"column":8},"end":{"line":77,"column":64}},"12":{"start":{"line":79,"column":8},"end":{"line":79,"column":40}},"13":{"start":{"line":83,"column":8},"end":{"line":83,"column":67}},"14":{"start":{"line":84,"column":8},"end":{"line":84,"column":34}}},"branchMap":{"1":{"line":45,"type":"if","locations":[{"start":{"line":45,"column":57},"end":{"line":45,"column":57}},{"start":{"line":45,"column":57},"end":{"line":45,"column":57}}]},"2":{"line":46,"type":"if","locations":[{"start":{"line":46,"column":8},"end":{"line":46,"column":8}},{"start":{"line":46,"column":8},"end":{"line":46,"column":8}}]},"3":{"line":53,"type":"if","locations":[{"start":{"line":53,"column":53},"end":{"line":53,"column":53}},{"start":{"line":53,"column":53},"end":{"line":53,"column":53}}]},"4":{"line":54,"type":"if","locations":[{"start":{"line":54,"column":8},"end":{"line":54,"column":8}},{"start":{"line":54,"column":8},"end":{"line":54,"column":8}}]},"5":{"line":61,"type":"if","locations":[{"start":{"line":61,"column":59},"end":{"line":61,"column":59}},{"start":{"line":61,"column":59},"end":{"line":61,"column":59}}]},"6":{"line":62,"type":"if","locations":[{"start":{"line":62,"column":8},"end":{"line":62,"column":8}},{"start":{"line":62,"column":8},"end":{"line":62,"column":8}}]},"7":{"line":74,"type":"if","locations":[{"start":{"line":74,"column":8},"end":{"line":74,"column":8}},{"start":{"line":74,"column":8},"end":{"line":74,"column":8}}]},"8":{"line":77,"type":"if","locations":[{"start":{"line":77,"column":8},"end":{"line":77,"column":8}},{"start":{"line":77,"column":8},"end":{"line":77,"column":8}}]},"9":{"line":82,"type":"if","locations":[{"start":{"line":82,"column":38},"end":{"line":82,"column":38}},{"start":{"line":82,"column":38},"end":{"line":82,"column":38}}]}}},"contracts\\notDiamonds\\mock\\MockContract.sol":{"l":{"35":0,"36":0,"40":0,"41":0,"42":0,"43":0,"48":0,"49":0,"50":0,"55":0,"56":0,"60":0,"64":0,"65":0,"69":0,"73":0,"77":0,"78":0,"82":0,"83":0,"87":0,"91":0,"92":0,"93":0,"97":0,"101":0,"102":0,"106":0,"110":0,"114":0,"115":0,"116":0,"117":0,"121":0,"125":0,"126":0,"130":0,"134":0,"138":0,"139":0,"140":0,"144":0,"145":0,"146":0,"150":0,"151":0,"152":0,"156":0,"157":0,"158":0,"159":0,"163":0,"164":0,"168":0,"169":0,"170":0,"174":0,"178":0,"179":0,"183":0,"188":0,"189":0,"191":0,"193":0,"194":0,"195":0,"197":0,"199":0,"201":0,"204":0,"207":0,"208":0,"209":0,"210":0,"211":0,"212":0,"213":0,"215":0,"218":0,"220":0,"221":0,"222":0,"223":0,"227":0,"228":0,"229":0,"237":0,"238":0,"239":0,"241":0,"245":0,"246":0,"250":0,"251":0,"252":0,"253":0,"257":0,"260":0,"264":0,"267":0,"268":0,"270":0,"271":0,"273":0,"276":0,"277":0,"278":0,"280":0,"281":0,"283":0,"287":0,"288":0,"289":0,"291":0,"292":0,"294":0,"298":0,"299":0,"301":0},"path":"C:\\Users\\numer\\dev\\locus\\tokenomics\\contracts\\notDiamonds\\mock\\MockContract.sol","s":{"1":0,"2":0,"3":0,"4":0,"5":0,"6":0,"7":0,"8":0,"9":0,"10":0,"11":0,"12":0,"13":0,"14":0,"15":0,"16":0,"17":0,"18":0,"19":0,"20":0,"21":0,"22":0,"23":0,"24":0,"25":0,"26":0,"27":0,"28":0,"29":0,"30":0,"31":0,"32":0,"33":0,"34":0,"35":0,"36":0,"37":0,"38":0,"39":0,"40":0,"41":0,"42":0,"43":0,"44":0,"45":0,"46":0,"47":0,"48":0,"49":0,"50":0,"51":0,"52":0,"53":0,"54":0,"55":0,"56":0,"57":0,"58":0,"59":0,"60":0,"61":0,"62":0,"63":0,"64":0,"65":0},"b":{"1":[0,0],"2":[0,0],"3":[0,0],"4":[0,0],"5":[0,0],"6":[0,0],"7":[0,0],"8":[0,0],"9":[0,0],"10":[0,0],"11":[0,0],"12":[0,0],"13":[0,0],"14":[0,0]},"f":{"1":0,"2":0,"3":0,"4":0,"5":0,"6":0,"7":0,"8":0,"9":0,"10":0,"11":0,"12":0,"13":0,"14":0,"15":0,"16":0,"17":0,"18":0,"19":0,"20":0,"21":0,"22":0,"23":0,"24":0,"25":0,"26":0,"27":0,"28":0,"29":0,"30":0,"31":0,"32":0,"33":0,"34":0,"35":0,"36":0,"37":0},"fnMap":{"1":{"name":"constructor","line":34,"loc":{"start":{"line":34,"column":1},"end":{"line":37,"column":1}}},"2":{"name":"trackCalldataMock","line":39,"loc":{"start":{"line":39,"column":1},"end":{"line":45,"column":1}}},"3":{"name":"trackMethodIdMock","line":47,"loc":{"start":{"line":47,"column":1},"end":{"line":52,"column":1}}},"4":{"name":"_givenAnyReturn","line":54,"loc":{"start":{"line":54,"column":1},"end":{"line":57,"column":1}}},"5":{"name":"givenAnyReturn","line":59,"loc":{"start":{"line":59,"column":1},"end":{"line":61,"column":1}}},"6":{"name":"givenAnyReturnBool","line":63,"loc":{"start":{"line":63,"column":1},"end":{"line":66,"column":1}}},"7":{"name":"givenAnyReturnUint","line":68,"loc":{"start":{"line":68,"column":1},"end":{"line":70,"column":1}}},"8":{"name":"givenAnyReturnAddress","line":72,"loc":{"start":{"line":72,"column":1},"end":{"line":74,"column":1}}},"9":{"name":"givenAnyRevert","line":76,"loc":{"start":{"line":76,"column":1},"end":{"line":79,"column":1}}},"10":{"name":"givenAnyRevertWithMessage","line":81,"loc":{"start":{"line":81,"column":1},"end":{"line":84,"column":1}}},"11":{"name":"givenAnyRunOutOfGas","line":86,"loc":{"start":{"line":86,"column":1},"end":{"line":88,"column":1}}},"12":{"name":"_givenCalldataReturn","line":90,"loc":{"start":{"line":90,"column":1},"end":{"line":94,"column":1}}},"13":{"name":"givenCalldataReturn","line":96,"loc":{"start":{"line":96,"column":1},"end":{"line":98,"column":1}}},"14":{"name":"givenCalldataReturnBool","line":100,"loc":{"start":{"line":100,"column":1},"end":{"line":103,"column":1}}},"15":{"name":"givenCalldataReturnUint","line":105,"loc":{"start":{"line":105,"column":1},"end":{"line":107,"column":1}}},"16":{"name":"givenCalldataReturnAddress","line":109,"loc":{"start":{"line":109,"column":1},"end":{"line":111,"column":1}}},"17":{"name":"_givenMethodReturn","line":113,"loc":{"start":{"line":113,"column":1},"end":{"line":118,"column":1}}},"18":{"name":"givenMethodReturn","line":120,"loc":{"start":{"line":120,"column":1},"end":{"line":122,"column":1}}},"19":{"name":"givenMethodReturnBool","line":124,"loc":{"start":{"line":124,"column":1},"end":{"line":127,"column":1}}},"20":{"name":"givenMethodReturnUint","line":129,"loc":{"start":{"line":129,"column":1},"end":{"line":131,"column":1}}},"21":{"name":"givenMethodReturnAddress","line":133,"loc":{"start":{"line":133,"column":1},"end":{"line":135,"column":1}}},"22":{"name":"givenCalldataRevert","line":137,"loc":{"start":{"line":137,"column":1},"end":{"line":141,"column":1}}},"23":{"name":"givenMethodRevert","line":143,"loc":{"start":{"line":143,"column":1},"end":{"line":147,"column":1}}},"24":{"name":"givenCalldataRevertWithMessage","line":149,"loc":{"start":{"line":149,"column":1},"end":{"line":153,"column":1}}},"25":{"name":"givenMethodRevertWithMessage","line":155,"loc":{"start":{"line":155,"column":1},"end":{"line":160,"column":1}}},"26":{"name":"givenCalldataRunOutOfGas","line":162,"loc":{"start":{"line":162,"column":1},"end":{"line":165,"column":1}}},"27":{"name":"givenMethodRunOutOfGas","line":167,"loc":{"start":{"line":167,"column":1},"end":{"line":171,"column":1}}},"28":{"name":"invocationCount","line":173,"loc":{"start":{"line":173,"column":1},"end":{"line":175,"column":1}}},"29":{"name":"invocationCountForMethod","line":177,"loc":{"start":{"line":177,"column":1},"end":{"line":180,"column":1}}},"30":{"name":"invocationCountForCalldata","line":182,"loc":{"start":{"line":182,"column":1},"end":{"line":184,"column":1}}},"31":{"name":"reset","line":186,"loc":{"start":{"line":186,"column":1},"end":{"line":224,"column":1}}},"32":{"name":"useAllGas","line":226,"loc":{"start":{"line":226,"column":1},"end":{"line":234,"column":1}}},"33":{"name":"bytesToBytes4","line":236,"loc":{"start":{"line":236,"column":1},"end":{"line":242,"column":1}}},"34":{"name":"uintToBytes","line":244,"loc":{"start":{"line":244,"column":1},"end":{"line":247,"column":1}}},"35":{"name":"updateInvocationCount","line":249,"loc":{"start":{"line":249,"column":1},"end":{"line":254,"column":1}}},"36":{"name":null,"line":259,"loc":{"start":{"line":259,"column":1},"end":{"line":261,"column":1}}},"37":{"name":"fallbackImpl","line":263,"loc":{"start":{"line":263,"column":1},"end":{"line":304,"column":1}}}},"statementMap":{"1":{"start":{"line":40,"column":2},"end":{"line":40,"column":36}},"2":{"start":{"line":41,"column":2},"end":{"line":41,"column":1437}},"3":{"start":{"line":48,"column":2},"end":{"line":48,"column":1657}},"4":{"start":{"line":60,"column":2},"end":{"line":60,"column":26}},"5":{"start":{"line":64,"column":2},"end":{"line":64,"column":30}},"6":{"start":{"line":65,"column":2},"end":{"line":65,"column":35}},"7":{"start":{"line":69,"column":2},"end":{"line":69,"column":39}},"8":{"start":{"line":73,"column":2},"end":{"line":73,"column":54}},"9":{"start":{"line":93,"column":2},"end":{"line":93,"column":24}},"10":{"start":{"line":97,"column":2},"end":{"line":97,"column":37}},"11":{"start":{"line":101,"column":2},"end":{"line":101,"column":30}},"12":{"start":{"line":102,"column":2},"end":{"line":102,"column":46}},"13":{"start":{"line":106,"column":2},"end":{"line":106,"column":50}},"14":{"start":{"line":110,"column":2},"end":{"line":110,"column":65}},"15":{"start":{"line":114,"column":2},"end":{"line":114,"column":37}},"16":{"start":{"line":117,"column":2},"end":{"line":117,"column":26}},"17":{"start":{"line":121,"column":2},"end":{"line":121,"column":35}},"18":{"start":{"line":125,"column":2},"end":{"line":125,"column":30}},"19":{"start":{"line":126,"column":2},"end":{"line":126,"column":44}},"20":{"start":{"line":130,"column":2},"end":{"line":130,"column":48}},"21":{"start":{"line":134,"column":2},"end":{"line":134,"column":63}},"22":{"start":{"line":140,"column":2},"end":{"line":140,"column":24}},"23":{"start":{"line":144,"column":2},"end":{"line":144,"column":37}},"24":{"start":{"line":146,"column":2},"end":{"line":146,"column":26}},"25":{"start":{"line":152,"column":2},"end":{"line":152,"column":24}},"26":{"start":{"line":156,"column":2},"end":{"line":156,"column":37}},"27":{"start":{"line":159,"column":2},"end":{"line":159,"column":26}},"28":{"start":{"line":164,"column":2},"end":{"line":164,"column":24}},"29":{"start":{"line":168,"column":2},"end":{"line":168,"column":37}},"30":{"start":{"line":170,"column":2},"end":{"line":170,"column":26}},"31":{"start":{"line":174,"column":2},"end":{"line":174,"column":20}},"32":{"start":{"line":178,"column":2},"end":{"line":178,"column":37}},"33":{"start":{"line":179,"column":2},"end":{"line":179,"column":77}},"34":{"start":{"line":183,"column":2},"end":{"line":183,"column":75}},"35":{"start":{"line":188,"column":2},"end":{"line":188,"column":57}},"36":{"start":{"line":189,"column":2},"end":{"line":189,"column":40}},"37":{"start":{"line":191,"column":2},"end":{"line":191,"column":6555}},"38":{"start":{"line":207,"column":2},"end":{"line":207,"column":56}},"39":{"start":{"line":208,"column":2},"end":{"line":208,"column":7129}},"40":{"start":{"line":209,"column":3},"end":{"line":209,"column":38}},"41":{"start":{"line":227,"column":2},"end":{"line":227,"column":7743}},"42":{"start":{"line":228,"column":3},"end":{"line":228,"column":9}},"43":{"start":{"line":237,"column":2},"end":{"line":237,"column":12}},"44":{"start":{"line":238,"column":2},"end":{"line":238,"column":7999}},"45":{"start":{"line":241,"column":2},"end":{"line":241,"column":12}},"46":{"start":{"line":250,"column":2},"end":{"line":250,"column":84}},"47":{"start":{"line":260,"column":2},"end":{"line":260,"column":15}},"48":{"start":{"line":264,"column":2},"end":{"line":264,"column":27}},"49":{"start":{"line":267,"column":2},"end":{"line":267,"column":8837}},"50":{"start":{"line":268,"column":3},"end":{"line":268,"column":41}},"51":{"start":{"line":270,"column":2},"end":{"line":270,"column":8944}},"52":{"start":{"line":271,"column":3},"end":{"line":271,"column":13}},"53":{"start":{"line":273,"column":2},"end":{"line":273,"column":54}},"54":{"start":{"line":276,"column":2},"end":{"line":276,"column":9121}},"55":{"start":{"line":277,"column":3},"end":{"line":277,"column":9152}},"56":{"start":{"line":278,"column":4},"end":{"line":278,"column":43}},"57":{"start":{"line":280,"column":3},"end":{"line":280,"column":9263}},"58":{"start":{"line":281,"column":4},"end":{"line":281,"column":14}},"59":{"start":{"line":287,"column":2},"end":{"line":287,"column":9435}},"60":{"start":{"line":288,"column":3},"end":{"line":288,"column":9466}},"61":{"start":{"line":289,"column":4},"end":{"line":289,"column":32}},"62":{"start":{"line":291,"column":3},"end":{"line":291,"column":9555}},"63":{"start":{"line":292,"column":4},"end":{"line":292,"column":14}},"64":{"start":{"line":298,"column":2},"end":{"line":298,"column":138}},"65":{"start":{"line":299,"column":2},"end":{"line":299,"column":22}}},"branchMap":{"1":{"line":41,"type":"if","locations":[{"start":{"line":41,"column":2},"end":{"line":41,"column":2}},{"start":{"line":41,"column":2},"end":{"line":41,"column":2}}]},"2":{"line":48,"type":"if","locations":[{"start":{"line":48,"column":2},"end":{"line":48,"column":2}},{"start":{"line":48,"column":2},"end":{"line":48,"column":2}}]},"3":{"line":64,"type":"if","locations":[{"start":{"line":64,"column":25},"end":{"line":64,"column":25}},{"start":{"line":64,"column":29},"end":{"line":64,"column":29}}]},"4":{"line":101,"type":"if","locations":[{"start":{"line":101,"column":25},"end":{"line":101,"column":25}},{"start":{"line":101,"column":29},"end":{"line":101,"column":29}}]},"5":{"line":125,"type":"if","locations":[{"start":{"line":125,"column":25},"end":{"line":125,"column":25}},{"start":{"line":125,"column":29},"end":{"line":125,"column":29}}]},"6":{"line":250,"type":"if","locations":[{"start":{"line":250,"column":2},"end":{"line":250,"column":2}},{"start":{"line":250,"column":2},"end":{"line":250,"column":2}}]},"7":{"line":267,"type":"if","locations":[{"start":{"line":267,"column":2},"end":{"line":267,"column":2}},{"start":{"line":267,"column":2},"end":{"line":267,"column":2}}]},"8":{"line":270,"type":"if","locations":[{"start":{"line":270,"column":2},"end":{"line":270,"column":2}},{"start":{"line":270,"column":2},"end":{"line":270,"column":2}}]},"9":{"line":276,"type":"if","locations":[{"start":{"line":276,"column":2},"end":{"line":276,"column":2}},{"start":{"line":276,"column":2},"end":{"line":276,"column":2}}]},"10":{"line":277,"type":"if","locations":[{"start":{"line":277,"column":3},"end":{"line":277,"column":3}},{"start":{"line":277,"column":3},"end":{"line":277,"column":3}}]},"11":{"line":280,"type":"if","locations":[{"start":{"line":280,"column":3},"end":{"line":280,"column":3}},{"start":{"line":280,"column":3},"end":{"line":280,"column":3}}]},"12":{"line":287,"type":"if","locations":[{"start":{"line":287,"column":2},"end":{"line":287,"column":2}},{"start":{"line":287,"column":2},"end":{"line":287,"column":2}}]},"13":{"line":288,"type":"if","locations":[{"start":{"line":288,"column":3},"end":{"line":288,"column":3}},{"start":{"line":288,"column":3},"end":{"line":288,"column":3}}]},"14":{"line":291,"type":"if","locations":[{"start":{"line":291,"column":3},"end":{"line":291,"column":3}},{"start":{"line":291,"column":3},"end":{"line":291,"column":3}}]}}},"contracts\\notDiamonds\\mock\\MockLocus.sol":{"l":{"10":0},"path":"C:\\Users\\numer\\dev\\locus\\tokenomics\\contracts\\notDiamonds\\mock\\MockLocus.sol","s":{"1":0},"b":{},"f":{"1":0,"2":0},"fnMap":{"1":{"name":"constructor","line":7,"loc":{"start":{"line":7,"column":4},"end":{"line":7,"column":66}}},"2":{"name":"mint","line":9,"loc":{"start":{"line":9,"column":4},"end":{"line":11,"column":4}}}},"statementMap":{"1":{"start":{"line":10,"column":8},"end":{"line":10,"column":29}}},"branchMap":{}},"contracts\\notDiamonds\\mock\\MockStaking.sol":{"l":{"16":0,"20":0,"21":0},"path":"C:\\Users\\numer\\dev\\locus\\tokenomics\\contracts\\notDiamonds\\mock\\MockStaking.sol","s":{"1":0},"b":{},"f":{"1":0,"2":0},"fnMap":{"1":{"name":"constructor","line":15,"loc":{"start":{"line":15,"column":4},"end":{"line":17,"column":4}}},"2":{"name":"stakeFor","line":19,"loc":{"start":{"line":19,"column":4},"end":{"line":22,"column":4}}}},"statementMap":{"1":{"start":{"line":20,"column":8},"end":{"line":20,"column":77}}},"branchMap":{}},"contracts\\notDiamonds\\WrappedStakingLocus.sol":{"l":{"28":0,"29":0,"33":0,"34":0,"36":0,"41":0,"42":0,"44":0,"49":0,"53":0,"57":0,"61":0,"62":0,"66":0,"67":0,"71":0,"75":0,"79":0},"path":"C:\\Users\\numer\\dev\\locus\\tokenomics\\contracts\\notDiamonds\\WrappedStakingLocus.sol","s":{"1":0,"2":0,"3":0,"4":0,"5":0,"6":0,"7":0,"8":0,"9":0,"10":0,"11":0,"12":0,"13":0,"14":0},"b":{"1":[0,0],"2":[0,0]},"f":{"1":0,"2":0,"3":0,"4":0,"5":0,"6":0,"7":0,"8":0,"9":0,"10":0,"11":0},"fnMap":{"1":{"name":"constructor","line":26,"loc":{"start":{"line":21,"column":4},"end":{"line":30,"column":4}}},"2":{"name":"syncBalanceOnStake","line":32,"loc":{"start":{"line":32,"column":4},"end":{"line":38,"column":4}}},"3":{"name":"syncBalanceOnWithdraw","line":40,"loc":{"start":{"line":40,"column":4},"end":{"line":46,"column":4}}},"4":{"name":"name","line":48,"loc":{"start":{"line":48,"column":4},"end":{"line":50,"column":4}}},"5":{"name":"symbol","line":52,"loc":{"start":{"line":52,"column":4},"end":{"line":54,"column":4}}},"6":{"name":"decimals","line":56,"loc":{"start":{"line":56,"column":4},"end":{"line":58,"column":4}}},"7":{"name":"_syncBalanceOnStake","line":60,"loc":{"start":{"line":60,"column":4},"end":{"line":63,"column":4}}},"8":{"name":"_syncBalanceOnWithdraw","line":65,"loc":{"start":{"line":65,"column":4},"end":{"line":68,"column":4}}},"9":{"name":"_mint","line":70,"loc":{"start":{"line":70,"column":4},"end":{"line":72,"column":4}}},"10":{"name":"_burn","line":74,"loc":{"start":{"line":74,"column":4},"end":{"line":76,"column":4}}},"11":{"name":"_afterTokenTransfer","line":78,"loc":{"start":{"line":78,"column":4},"end":{"line":80,"column":4}}}},"statementMap":{"1":{"start":{"line":33,"column":8},"end":{"line":33,"column":1150}},"2":{"start":{"line":34,"column":12},"end":{"line":34,"column":35}},"3":{"start":{"line":41,"column":8},"end":{"line":41,"column":1399}},"4":{"start":{"line":42,"column":12},"end":{"line":42,"column":38}},"5":{"start":{"line":49,"column":8},"end":{"line":49,"column":82}},"6":{"start":{"line":53,"column":8},"end":{"line":53,"column":68}},"7":{"start":{"line":57,"column":8},"end":{"line":57,"column":38}},"8":{"start":{"line":61,"column":8},"end":{"line":61,"column":79}},"9":{"start":{"line":62,"column":8},"end":{"line":62,"column":36}},"10":{"start":{"line":66,"column":8},"end":{"line":66,"column":79}},"11":{"start":{"line":67,"column":8},"end":{"line":67,"column":37}},"12":{"start":{"line":71,"column":8},"end":{"line":71,"column":35}},"13":{"start":{"line":75,"column":8},"end":{"line":75,"column":35}},"14":{"start":{"line":79,"column":8},"end":{"line":79,"column":50}}},"branchMap":{"1":{"line":33,"type":"if","locations":[{"start":{"line":33,"column":8},"end":{"line":33,"column":8}},{"start":{"line":33,"column":8},"end":{"line":33,"column":8}}]},"2":{"line":41,"type":"if","locations":[{"start":{"line":41,"column":8},"end":{"line":41,"column":8}},{"start":{"line":41,"column":8},"end":{"line":41,"column":8}}]}}}}