TN:
SF:C:\Users\numer\dev\locus\tokenomics\contracts\diamonds\facetsFramework\diamondBase\facets\BaseFacet.sol
FN:16,enforceDelegatedOnly
FN:24,delegatedOnly
FN:29,internalOnly
FNF:3
FNH:0
FNDA:0,enforceDelegatedOnly
FNDA:0,delegatedOnly
FNDA:0,internalOnly
DA:17,0
DA:18,0
DA:25,0
DA:26,0
DA:30,0
DA:31,0
LF:6
LH:0
BRDA:17,1,0,0
BRDA:17,1,1,0
BRDA:17,2,0,0
BRDA:17,2,1,0
BRF:4
BRH:0
end_of_record
TN:
SF:C:\Users\numer\dev\locus\tokenomics\contracts\diamonds\facetsFramework\diamondBase\facets\PausabilityFacet.sol
FN:10,whenNotPaused
FN:17,paused
FN:21,pause
FN:26,unpause
FNF:4
FNH:0
FNDA:0,whenNotPaused
FNDA:0,paused
FNDA:0,pause
FNDA:0,unpause
DA:11,0
DA:12,0
DA:14,0
DA:18,0
DA:22,0
DA:23,0
DA:27,0
DA:28,0
LF:8
LH:0
BRDA:11,1,0,0
BRDA:11,1,1,0
BRDA:17,2,0,0
BRDA:17,2,1,0
BRDA:21,3,0,0
BRDA:21,3,1,0
BRDA:26,4,0,0
BRDA:26,4,1,0
BRF:8
BRH:0
end_of_record
TN:
SF:C:\Users\numer\dev\locus\tokenomics\contracts\diamonds\facetsFramework\diamondBase\facets\RolesManagementFacet.sol
FN:14,grantRoles
FN:28,revokeRoles
FN:39,grantRole
FN:44,revokeRole
FN:49,hasRole
FNF:5
FNH:0
FNDA:0,grantRoles
FNDA:0,revokeRoles
FNDA:0,grantRole
FNDA:0,revokeRole
FNDA:0,hasRole
DA:16,0
DA:17,0
DA:18,0
DA:20,0
DA:21,0
DA:30,0
DA:31,0
DA:32,0
DA:34,0
DA:35,0
DA:40,0
DA:41,0
DA:45,0
DA:46,0
DA:50,0
LF:15
LH:0
BRDA:14,1,0,0
BRDA:14,1,1,0
BRDA:17,2,0,0
BRDA:17,2,1,0
BRDA:28,3,0,0
BRDA:28,3,1,0
BRDA:31,4,0,0
BRDA:31,4,1,0
BRDA:39,5,0,0
BRDA:39,5,1,0
BRDA:44,6,0,0
BRDA:44,6,1,0
BRDA:49,7,0,0
BRDA:49,7,1,0
BRF:14
BRH:0
end_of_record
TN:
SF:C:\Users\numer\dev\locus\tokenomics\contracts\diamonds\facetsFramework\diamondBase\interfaces\IPausable.sol
FNF:0
FNH:0
LF:0
LH:0
BRF:0
BRH:0
end_of_record
TN:
SF:C:\Users\numer\dev\locus\tokenomics\contracts\diamonds\facetsFramework\diamondBase\interfaces\IRolesManagement.sol
FNF:0
FNH:0
LF:0
LH:0
BRF:0
BRH:0
end_of_record
TN:
SF:C:\Users\numer\dev\locus\tokenomics\contracts\diamonds\facetsFramework\diamondBase\libraries\InitializerLib.sol
FN:14,get
FN:21,reset
FN:25,initialize
FNF:3
FNH:0
FNDA:0,get
FNDA:0,reset
FNDA:0,initialize
DA:15,0
DA:16,0
DA:22,0
DA:26,0
DA:27,0
DA:29,0
LF:6
LH:0
BRDA:26,1,0,0
BRDA:26,1,1,0
BRF:2
BRH:0
end_of_record
TN:
SF:C:\Users\numer\dev\locus\tokenomics\contracts\diamonds\facetsFramework\diamondBase\libraries\PausabilityLib.sol
FN:13,get
FNF:1
FNH:0
FNDA:0,get
DA:14,0
DA:15,0
LF:2
LH:0
BRF:0
BRH:0
end_of_record
TN:
SF:C:\Users\numer\dev\locus\tokenomics\contracts\diamonds\facetsFramework\diamondBase\libraries\RolesManagementLib.sol
FN:26,get
FN:33,enforceRole
FN:44,hasRole
FN:48,enforceSenderRole
FN:52,grantRole
FN:57,revokeRole
FN:62,enforceEitherOfRoles
FN:76,enforceSenderEitherOfRoles
FNF:8
FNH:0
FNDA:0,get
FNDA:0,enforceRole
FNDA:0,hasRole
FNDA:0,enforceSenderRole
FNDA:0,grantRole
FNDA:0,revokeRole
FNDA:0,enforceEitherOfRoles
FNDA:0,enforceSenderEitherOfRoles
DA:27,0
DA:28,0
DA:34,0
DA:35,0
DA:36,0
DA:39,0
DA:45,0
DA:49,0
DA:53,0
DA:54,0
DA:58,0
DA:59,0
DA:63,0
DA:64,0
DA:65,0
DA:66,0
DA:68,0
DA:71,0
DA:72,0
DA:77,0
LF:20
LH:0
BRDA:34,1,0,0
BRDA:34,1,1,0
BRDA:35,2,0,0
BRDA:35,2,1,0
BRDA:38,3,0,0
BRDA:38,3,1,0
BRDA:65,4,0,0
BRDA:65,4,1,0
BRDA:71,5,0,0
BRDA:71,5,1,0
BRF:10
BRH:0
end_of_record
TN:
SF:C:\Users\numer\dev\locus\tokenomics\contracts\diamonds\facetsFramework\tokensDistributor\TDLib.sol
FN:43,get
FN:50,getAmountToDistribute
FNF:2
FNH:0
FNDA:0,get
FNDA:0,getAmountToDistribute
DA:44,0
DA:45,0
DA:60,0
DA:61,0
DA:62,0
DA:63,0
DA:66,0
DA:67,0
DA:68,0
DA:70,0
DA:71,0
DA:73,0
DA:76,0
DA:79,0
LF:14
LH:0
BRDA:61,1,0,0
BRDA:61,1,1,0
BRDA:70,2,0,0
BRDA:70,2,1,0
BRF:4
BRH:0
end_of_record
TN:
SF:C:\Users\numer\dev\locus\tokenomics\contracts\diamonds\facetsFramework\tokensDistributor\v1\interfaces\ITDLoupeFacet.sol
FNF:0
FNH:0
LF:0
LH:0
BRF:0
BRH:0
end_of_record
TN:
SF:C:\Users\numer\dev\locus\tokenomics\contracts\diamonds\facetsFramework\tokensDistributor\v1\interfaces\ITDManagementFacet.sol
FNF:0
FNH:0
LF:0
LH:0
BRF:0
BRH:0
end_of_record
TN:
SF:C:\Users\numer\dev\locus\tokenomics\contracts\diamonds\facetsFramework\tokensDistributor\v1\interfaces\ITDProcessFacet.sol
FNF:0
FNH:0
LF:0
LH:0
BRF:0
BRH:0
end_of_record
TN:
SF:C:\Users\numer\dev\locus\tokenomics\contracts\diamonds\facetsFramework\tokensDistributor\v1\TDLoupeFacet.sol
FN:13,getReceiversByAddresses
FN:38,getReceiversByShares
FN:63,getReceiversByStatuses
FNF:3
FNH:0
FNDA:0,getReceiversByAddresses
FNDA:0,getReceiversByShares
FNDA:0,getReceiversByStatuses
DA:14,0
DA:15,0
DA:16,0
DA:18,0
DA:19,0
DA:20,0
DA:21,0
DA:22,0
DA:23,0
DA:24,0
DA:25,0
DA:29,0
DA:30,0
DA:39,0
DA:40,0
DA:41,0
DA:43,0
DA:44,0
DA:45,0
DA:46,0
DA:47,0
DA:48,0
DA:49,0
DA:50,0
DA:54,0
DA:55,0
DA:64,0
DA:65,0
DA:66,0
DA:68,0
DA:69,0
DA:70,0
DA:71,0
DA:72,0
DA:73,0
DA:74,0
DA:75,0
DA:79,0
DA:80,0
LF:39
LH:0
BRDA:13,1,0,0
BRDA:13,1,1,0
BRDA:15,2,0,0
BRDA:15,2,1,0
BRDA:23,3,0,0
BRDA:23,3,1,0
BRDA:25,4,0,0
BRDA:25,4,1,0
BRDA:29,5,0,0
BRDA:29,5,1,0
BRDA:38,6,0,0
BRDA:38,6,1,0
BRDA:40,7,0,0
BRDA:40,7,1,0
BRDA:48,8,0,0
BRDA:48,8,1,0
BRDA:50,9,0,0
BRDA:50,9,1,0
BRDA:54,10,0,0
BRDA:54,10,1,0
BRDA:63,11,0,0
BRDA:63,11,1,0
BRDA:65,12,0,0
BRDA:65,12,1,0
BRDA:73,13,0,0
BRDA:73,13,1,0
BRDA:75,14,0,0
BRDA:75,14,1,0
BRDA:79,15,0,0
BRDA:79,15,1,0
BRF:30
BRH:0
end_of_record
TN:
SF:C:\Users\numer\dev\locus\tokenomics\contracts\diamonds\facetsFramework\tokensDistributor\v1\TDManagementFacet.sol
FN:17,addReceiver
FN:39,setReceiverShare
FN:74,setReceiverStatus
FN:107,_enforceSenderOwnerOrInternal
FNF:4
FNH:0
FNDA:0,addReceiver
FNDA:0,setReceiverShare
FNDA:0,setReceiverStatus
FNDA:0,_enforceSenderOwnerOrInternal
DA:18,0
DA:19,0
DA:27,0
DA:28,0
DA:40,0
DA:41,0
DA:42,0
DA:43,0
DA:46,0
DA:47,0
DA:48,0
DA:49,0
DA:50,0
DA:54,0
DA:58,0
DA:60,0
DA:66,0
DA:75,0
DA:76,0
DA:77,0
DA:78,0
DA:81,0
DA:82,0
DA:83,0
DA:84,0
DA:85,0
DA:86,0
DA:87,0
DA:88,0
DA:90,0
DA:91,0
DA:92,0
DA:93,0
DA:96,0
DA:102,0
DA:108,0
DA:109,0
DA:110,0
DA:111,0
LF:39
LH:0
BRDA:17,1,0,0
BRDA:17,1,1,0
BRDA:39,2,0,0
BRDA:39,2,1,0
BRDA:46,3,0,0
BRDA:46,3,1,0
BRDA:48,4,0,0
BRDA:48,4,1,0
BRDA:49,5,0,0
BRDA:49,5,1,0
BRDA:74,6,0,0
BRDA:74,6,1,0
BRDA:81,7,0,0
BRDA:81,7,1,0
BRDA:82,8,0,0
BRDA:82,8,1,0
BRDA:84,9,0,0
BRDA:84,9,1,0
BRF:18
BRH:0
end_of_record
TN:
SF:C:\Users\numer\dev\locus\tokenomics\contracts\diamonds\facetsFramework\tokensDistributor\v1\TDProcessFacet.sol
FN:19,distribute
FNF:1
FNH:0
FNDA:0,distribute
DA:20,0
DA:21,0
DA:22,0
DA:24,0
DA:25,0
DA:28,0
DA:29,0
DA:31,0
DA:32,0
DA:37,0
DA:39,0
DA:42,0
DA:43,0
DA:44,0
DA:49,0
DA:55,0
LF:16
LH:0
BRDA:19,1,0,0
BRDA:19,1,1,0
BRDA:28,2,0,0
BRDA:28,2,1,0
BRDA:31,3,0,0
BRDA:31,3,1,0
BRDA:42,4,0,0
BRDA:42,4,1,0
BRDA:43,5,0,0
BRDA:43,5,1,0
BRF:10
BRH:0
end_of_record
TN:
SF:C:\Users\numer\dev\locus\tokenomics\contracts\diamonds\locusStaking\DiamondLocusStaking.sol
FNF:0
FNH:0
LF:0
LH:0
BRF:0
BRH:0
end_of_record
TN:
SF:C:\Users\numer\dev\locus\tokenomics\contracts\diamonds\locusStaking\LSLib.sol
FN:62,get
FNF:1
FNH:0
FNDA:0,get
DA:63,0
DA:64,0
LF:2
LH:0
BRF:0
BRH:0
end_of_record
TN:
SF:C:\Users\numer\dev\locus\tokenomics\contracts\diamonds\locusStaking\v1\governanceTokenStaking\LSDepositaryFacet.sol
FN:18,withdraw
FN:34,_stake
FNF:2
FNH:0
FNDA:0,withdraw
FNDA:0,_stake
DA:19,0
DA:20,0
DA:21,0
DA:22,0
DA:23,0
DA:24,0
DA:29,0
DA:30,0
DA:39,0
DA:40,0
DA:41,0
DA:42,0
DA:43,0
DA:44,0
DA:45,0
DA:46,0
DA:47,0
DA:48,0
LF:18
LH:0
BRDA:18,1,0,0
BRDA:18,1,1,0
BRDA:18,2,0,0
BRDA:18,2,1,0
BRDA:20,3,0,0
BRDA:20,3,1,0
BRDA:29,4,0,0
BRDA:29,4,1,0
BRDA:42,5,0,0
BRDA:42,5,1,0
BRDA:47,6,0,0
BRDA:47,6,1,0
BRF:12
BRH:0
end_of_record
TN:
SF:C:\Users\numer\dev\locus\tokenomics\contracts\diamonds\locusStaking\v1\governanceTokenStaking\LSProcessFeesFacet.sol
FN:20,processRewardSending
FN:30,processWithdrawalSending
FNF:2
FNH:0
FNDA:0,processRewardSending
FNDA:0,processWithdrawalSending
DA:21,0
DA:22,0
DA:23,0
DA:31,0
DA:32,0
LF:5
LH:0
BRDA:20,1,0,0
BRDA:20,1,1,0
BRDA:30,2,0,0
BRDA:30,2,1,0
BRF:4
BRH:0
end_of_record
TN:
SF:C:\Users\numer\dev\locus\tokenomics\contracts\diamonds\locusStaking\v1\interfaces\ILSDepositaryFacet.sol
FNF:0
FNH:0
LF:0
LH:0
BRF:0
BRH:0
end_of_record
TN:
SF:C:\Users\numer\dev\locus\tokenomics\contracts\diamonds\locusStaking\v1\interfaces\ILSGeneralDepositaryFacet.sol
FN:37,_initialize_LSDepositaryFacet
FN:45,stakeFor
FN:52,stake
FN:58,getReward
FN:62,updateReward
FN:66,_getReward
FN:84,_updateReward
FNF:7
FNH:0
FNDA:0,_initialize_LSDepositaryFacet
FNDA:0,stakeFor
FNDA:0,stake
FNDA:0,getReward
FNDA:0,updateReward
FNDA:0,_getReward
FNDA:0,_updateReward
DA:39,0
DA:46,0
DA:47,0
DA:53,0
DA:59,0
DA:63,0
DA:69,0
DA:70,0
DA:71,0
DA:72,0
DA:73,0
DA:74,0
DA:75,0
DA:76,0
DA:85,0
DA:86,0
DA:87,0
DA:88,0
DA:89,0
DA:90,0
DA:91,0
DA:92,0
LF:22
LH:0
BRDA:36,1,0,0
BRDA:36,1,1,0
BRDA:37,2,0,0
BRDA:37,2,1,0
BRDA:45,3,0,0
BRDA:45,3,1,0
BRDA:45,4,0,0
BRDA:45,4,1,0
BRDA:45,5,0,0
BRDA:45,5,1,0
BRDA:52,6,0,0
BRDA:52,6,1,0
BRDA:52,7,0,0
BRDA:52,7,1,0
BRDA:52,8,0,0
BRDA:52,8,1,0
BRDA:58,9,0,0
BRDA:58,9,1,0
BRDA:58,10,0,0
BRDA:58,10,1,0
BRDA:62,11,0,0
BRDA:62,11,1,0
BRDA:73,12,0,0
BRDA:73,12,1,0
BRDA:90,13,0,0
BRDA:90,13,1,0
BRF:26
BRH:0
end_of_record
TN:
SF:C:\Users\numer\dev\locus\tokenomics\contracts\diamonds\locusStaking\v1\interfaces\ILSInitializerFacet.sol
FNF:0
FNH:0
LF:0
LH:0
BRF:0
BRH:0
end_of_record
TN:
SF:C:\Users\numer\dev\locus\tokenomics\contracts\diamonds\locusStaking\v1\interfaces\ILSLoupeFacet.sol
FNF:0
FNH:0
LF:0
LH:0
BRF:0
BRH:0
end_of_record
TN:
SF:C:\Users\numer\dev\locus\tokenomics\contracts\diamonds\locusStaking\v1\interfaces\ILSManagementFacet.sol
FNF:0
FNH:0
LF:0
LH:0
BRF:0
BRH:0
end_of_record
TN:
SF:C:\Users\numer\dev\locus\tokenomics\contracts\diamonds\locusStaking\v1\interfaces\ILSProcessFeesFacet.sol
FNF:0
FNH:0
LF:0
LH:0
BRF:0
BRH:0
end_of_record
TN:
SF:C:\Users\numer\dev\locus\tokenomics\contracts\diamonds\locusStaking\v1\LSInitializerFacet.sol
FN:14,initialize
FN:37,prepareDepositary
FN:43,setWrappedStakingLocus
FNF:3
FNH:0
FNDA:0,initialize
FNDA:0,prepareDepositary
FNDA:0,setWrappedStakingLocus
DA:20,0
DA:22,0
DA:23,0
DA:25,0
DA:29,0
DA:31,0
DA:32,0
DA:33,0
DA:34,0
DA:38,0
DA:40,0
DA:44,0
DA:45,0
LF:13
LH:0
BRDA:37,1,0,0
BRDA:37,1,1,0
BRDA:43,2,0,0
BRDA:43,2,1,0
BRF:4
BRH:0
end_of_record
TN:
SF:C:\Users\numer\dev\locus\tokenomics\contracts\diamonds\locusStaking\v1\LSLoupeFacet.sol
FN:16,lastTimeRewardApplicable
FN:29,rewardPerToken
FN:45,earned
FN:58,getTotalReward
FN:68,getRewardForDuration
FN:75,totalSupply
FN:81,balanceOf
FN:85,decimals
FN:92,getProjectedAPR
FN:96,getAPR
FN:105,getAPRInAbsoluteValue
FN:114,_getProjectedAPRInAbsoluteValue
FN:129,_getProjectedAPR
FN:143,getPrimitives
FNF:14
FNH:0
FNDA:0,lastTimeRewardApplicable
FNDA:0,rewardPerToken
FNDA:0,earned
FNDA:0,getTotalReward
FNDA:0,getRewardForDuration
FNDA:0,totalSupply
FNDA:0,balanceOf
FNDA:0,decimals
FNDA:0,getProjectedAPR
FNDA:0,getAPR
FNDA:0,getAPRInAbsoluteValue
FNDA:0,_getProjectedAPRInAbsoluteValue
FNDA:0,_getProjectedAPR
FNDA:0,getPrimitives
DA:19,0
DA:32,0
DA:33,0
DA:34,0
DA:36,0
DA:46,0
DA:47,0
DA:61,0
DA:71,0
DA:72,0
DA:76,0
DA:82,0
DA:86,0
DA:93,0
DA:97,0
DA:98,0
DA:108,0
DA:109,0
DA:122,0
DA:123,0
DA:124,0
DA:133,0
DA:134,0
DA:138,0
DA:149,0
LF:25
LH:0
BRDA:16,1,0,0
BRDA:16,1,1,0
BRDA:21,2,0,0
BRDA:21,2,1,0
BRDA:29,3,0,0
BRDA:29,3,1,0
BRDA:33,4,0,0
BRDA:33,4,1,0
BRDA:45,5,0,0
BRDA:45,5,1,0
BRDA:58,6,0,0
BRDA:58,6,1,0
BRDA:68,7,0,0
BRDA:68,7,1,0
BRDA:75,8,0,0
BRDA:75,8,1,0
BRDA:81,9,0,0
BRDA:81,9,1,0
BRDA:85,10,0,0
BRDA:85,10,1,0
BRDA:92,11,0,0
BRDA:92,11,1,0
BRDA:96,12,0,0
BRDA:96,12,1,0
BRDA:105,13,0,0
BRDA:105,13,1,0
BRF:26
BRH:0
end_of_record
TN:
SF:C:\Users\numer\dev\locus\tokenomics\contracts\diamonds\locusStaking\v1\LSManagementFacet.sol
FN:17,notifyRewardAmount
FN:50,recoverTokens
FN:61,setRewardsDuration
FNF:3
FNH:0
FNDA:0,notifyRewardAmount
FNDA:0,recoverTokens
FNDA:0,setRewardsDuration
DA:18,0
DA:19,0
DA:21,0
DA:23,0
DA:24,0
DA:26,0
DA:27,0
DA:29,0
DA:30,0
DA:31,0
DA:38,0
DA:39,0
DA:42,0
DA:43,0
DA:44,0
DA:51,0
DA:52,0
DA:53,0
DA:55,0
DA:56,0
DA:62,0
DA:63,0
DA:64,0
DA:65,0
DA:69,0
DA:70,0
LF:26
LH:0
BRDA:17,1,0,0
BRDA:17,1,1,0
BRDA:26,2,0,0
BRDA:26,2,1,0
BRDA:38,3,0,0
BRDA:38,3,1,0
BRDA:50,4,0,0
BRDA:50,4,1,0
BRDA:52,5,0,0
BRDA:52,5,1,0
BRDA:61,6,0,0
BRDA:61,6,1,0
BRDA:64,7,0,0
BRDA:64,7,1,0
BRF:14
BRH:0
end_of_record
TN:
SF:C:\Users\numer\dev\locus\tokenomics\contracts\diamonds\locusStaking\v1\vaultTokenStaking\LSDepositaryForVaultTokensFacet.sol
FN:18,withdraw
FN:31,_stake
FNF:2
FNH:0
FNDA:0,withdraw
FNDA:0,_stake
DA:19,0
DA:20,0
DA:21,0
DA:22,0
DA:23,0
DA:24,0
DA:36,0
DA:37,0
DA:38,0
DA:39,0
DA:40,0
DA:41,0
DA:42,0
DA:43,0
LF:14
LH:0
BRDA:18,1,0,0
BRDA:18,1,1,0
BRDA:18,2,0,0
BRDA:18,2,1,0
BRDA:20,3,0,0
BRDA:20,3,1,0
BRDA:39,4,0,0
BRDA:39,4,1,0
BRF:8
BRH:0
end_of_record
TN:
SF:C:\Users\numer\dev\locus\tokenomics\contracts\diamonds\locusStaking\v1\vaultTokenStaking\LSProcessFeesForVaultTokensFacet.sol
FN:20,processRewardSending
FN:31,processWithdrawalSending
FNF:2
FNH:0
FNDA:0,processRewardSending
FNDA:0,processWithdrawalSending
DA:21,0
DA:22,0
DA:32,0
DA:33,0
DA:34,0
LF:5
LH:0
BRDA:20,1,0,0
BRDA:20,1,1,0
BRDA:31,2,0,0
BRDA:31,2,1,0
BRF:4
BRH:0
end_of_record
TN:
SF:C:\Users\numer\dev\locus\tokenomics\contracts\diamonds\locusStaking\v2\manualWithdrawQueueFacets\interfaces\ILSSendingsDequeFacet.sol
FNF:0
FNH:0
LF:0
LH:0
BRF:0
BRH:0
end_of_record
TN:
SF:C:\Users\numer\dev\locus\tokenomics\contracts\diamonds\locusStaking\v2\manualWithdrawQueueFacets\interfaces\ILSSendingsDequeLoupeFacet.sol
FNF:0
FNH:0
LF:0
LH:0
BRF:0
BRH:0
end_of_record
TN:
SF:C:\Users\numer\dev\locus\tokenomics\contracts\diamonds\locusStaking\v2\manualWithdrawQueueFacets\libraries\DelayedSendingsQueueLib.sol
FN:39,get
FNF:1
FNH:0
FNDA:0,get
DA:40,0
DA:41,0
LF:2
LH:0
BRF:0
BRH:0
end_of_record
TN:
SF:C:\Users\numer\dev\locus\tokenomics\contracts\diamonds\locusStaking\v2\manualWithdrawQueueFacets\LSSendingsDequeFacet.sol
FN:26,addDelayedSending
FN:74,processQueue
FN:112,_getAmountWithAccountedFees
FNF:3
FNH:0
FNDA:0,addDelayedSending
FNDA:0,processQueue
FNDA:0,_getAmountWithAccountedFees
DA:27,0
DA:29,0
DA:30,0
DA:39,0
DA:40,0
DA:46,0
DA:49,0
DA:50,0
DA:53,0
DA:54,0
DA:55,0
DA:56,0
DA:57,0
DA:59,0
DA:60,0
DA:64,0
DA:66,0
DA:68,0
DA:70,0
DA:71,0
DA:75,0
DA:78,0
DA:81,0
DA:82,0
DA:83,0
DA:84,0
DA:86,0
DA:87,0
DA:95,0
DA:96,0
DA:100,0
DA:107,0
DA:117,0
DA:118,0
DA:119,0
DA:123,0
DA:126,0
DA:128,0
DA:130,0
DA:133,0
DA:134,0
DA:136,0
DA:137,0
LF:43
LH:0
BRDA:26,1,0,0
BRDA:26,1,1,0
BRDA:29,2,0,0
BRDA:29,2,1,0
BRDA:59,3,0,0
BRDA:59,3,1,0
BRDA:61,4,0,0
BRDA:61,4,1,0
BRDA:65,5,0,0
BRDA:65,5,1,0
BRDA:74,6,0,0
BRDA:74,6,1,0
BRDA:86,7,0,0
BRDA:86,7,1,0
BRDA:118,8,0,0
BRDA:118,8,1,0
BRDA:120,9,0,0
BRDA:120,9,1,0
BRDA:124,10,0,0
BRDA:124,10,1,0
BRDA:127,11,0,0
BRDA:127,11,1,0
BRDA:136,12,0,0
BRDA:136,12,1,0
BRF:24
BRH:0
end_of_record
TN:
SF:C:\Users\numer\dev\locus\tokenomics\contracts\diamonds\locusStaking\v2\manualWithdrawQueueFacets\LSSendingsDequeLoupeFacet.sol
FN:20,getDelayedSending
FN:26,getTotalSendingsPerStaker
FN:36,getDequeSize
FN:46,getSendingsDeque
FNF:4
FNH:0
FNDA:0,getDelayedSending
FNDA:0,getTotalSendingsPerStaker
FNDA:0,getDequeSize
FNDA:0,getSendingsDeque
DA:23,0
DA:29,0
DA:39,0
DA:49,0
DA:51,0
DA:52,0
DA:53,0
LF:7
LH:0
BRDA:20,1,0,0
BRDA:20,1,1,0
BRDA:36,2,0,0
BRDA:36,2,1,0
BRDA:46,3,0,0
BRDA:46,3,1,0
BRF:6
BRH:0
end_of_record
TN:
SF:C:\Users\numer\dev\locus\tokenomics\contracts\diamonds\locusToken\DiamondLocusToken.sol
FNF:0
FNH:0
LF:0
LH:0
BRF:0
BRH:0
end_of_record
TN:
SF:C:\Users\numer\dev\locus\tokenomics\contracts\diamonds\locusToken\LTLib.sol
FN:24,get
FNF:1
FNH:0
FNDA:0,get
DA:25,0
DA:26,0
LF:2
LH:0
BRF:0
BRH:0
end_of_record
TN:
SF:C:\Users\numer\dev\locus\tokenomics\contracts\diamonds\locusToken\v1\autocracy\interfaces\ILTAutocracyFacet.sol
FNF:0
FNH:0
LF:0
LH:0
BRF:0
BRH:0
end_of_record
TN:
SF:C:\Users\numer\dev\locus\tokenomics\contracts\diamonds\locusToken\v1\autocracy\libraries\AutocracyLib.sol
FN:16,get
FNF:1
FNH:0
FNDA:0,get
DA:17,0
DA:18,0
LF:2
LH:0
BRF:0
BRH:0
end_of_record
TN:
SF:C:\Users\numer\dev\locus\tokenomics\contracts\diamonds\locusToken\v1\autocracy\LTAutocracyFacet.sol
FN:14,burn
FN:19,mint
FN:24,establishAutocracy
FN:28,areAutocratsReign
FN:32,defeatAutocracyForever
FNF:5
FNH:0
FNDA:0,burn
FNDA:0,mint
FNDA:0,establishAutocracy
FNDA:0,areAutocratsReign
FNDA:0,defeatAutocracyForever
DA:15,0
DA:16,0
DA:20,0
DA:21,0
DA:25,0
DA:29,0
DA:33,0
DA:34,0
DA:35,0
DA:36,0
DA:37,0
DA:38,0
LF:12
LH:0
BRDA:14,1,0,0
BRDA:14,1,1,0
BRDA:19,2,0,0
BRDA:19,2,1,0
BRDA:24,3,0,0
BRDA:24,3,1,0
BRDA:28,4,0,0
BRDA:28,4,1,0
BRDA:32,5,0,0
BRDA:32,5,1,0
BRF:10
BRH:0
end_of_record
TN:
SF:C:\Users\numer\dev\locus\tokenomics\contracts\diamonds\locusToken\v1\interfaces\ILTEmissionControlFacet.sol
FNF:0
FNH:0
LF:0
LH:0
BRF:0
BRH:0
end_of_record
TN:
SF:C:\Users\numer\dev\locus\tokenomics\contracts\diamonds\locusToken\v1\interfaces\ILTERC20Facet.sol
FNF:0
FNH:0
LF:0
LH:0
BRF:0
BRH:0
end_of_record
TN:
SF:C:\Users\numer\dev\locus\tokenomics\contracts\diamonds\locusToken\v1\interfaces\ILTInitializerFacet.sol
FNF:0
FNH:0
LF:0
LH:0
BRF:0
BRH:0
end_of_record
TN:
SF:C:\Users\numer\dev\locus\tokenomics\contracts\diamonds\locusToken\v1\LTEmissionControlFacet.sol
FN:14,mintInflation
FNF:1
FNH:0
FNDA:0,mintInflation
DA:15,0
DA:16,0
DA:18,0
DA:19,0
DA:20,0
DA:22,0
DA:23,0
DA:25,0
DA:29,0
LF:9
LH:0
BRDA:14,1,0,0
BRDA:14,1,1,0
BRDA:18,2,0,0
BRDA:18,2,1,0
BRDA:22,3,0,0
BRDA:22,3,1,0
BRF:6
BRH:0
end_of_record
TN:
SF:C:\Users\numer\dev\locus\tokenomics\contracts\diamonds\locusToken\v1\LTERC20Facet.sol
FN:18,setupTokenInfo
FN:28,mintTo
FN:35,burnFrom
FN:40,_spendAllowance
FN:50,_delegate
FN:61,delegateTo
FN:67,getDelegatee
FN:72,enablePolitics
FN:78,getVotingPower
FN:85,getPastVotingPower
FN:89,_mint
FN:102,_burn
FN:109,_afterTokenTransfer
FNF:13
FNH:0
FNDA:0,setupTokenInfo
FNDA:0,mintTo
FNDA:0,burnFrom
FNDA:0,_spendAllowance
FNDA:0,_delegate
FNDA:0,delegateTo
FNDA:0,getDelegatee
FNDA:0,enablePolitics
FNDA:0,getVotingPower
FNDA:0,getPastVotingPower
FNDA:0,_mint
FNDA:0,_burn
FNDA:0,_afterTokenTransfer
DA:19,0
DA:20,0
DA:21,0
DA:22,0
DA:29,0
DA:36,0
DA:45,0
DA:46,0
DA:51,0
DA:52,0
DA:53,0
DA:58,0
DA:62,0
DA:68,0
DA:73,0
DA:79,0
DA:86,0
DA:99,0
DA:106,0
DA:114,0
LF:20
LH:0
BRDA:18,1,0,0
BRDA:18,1,1,0
BRDA:18,2,0,0
BRDA:18,2,1,0
BRDA:28,3,0,0
BRDA:28,3,1,0
BRDA:35,4,0,0
BRDA:35,4,1,0
BRDA:45,5,0,0
BRDA:45,5,1,0
BRDA:51,6,0,0
BRDA:51,6,1,0
BRDA:61,7,0,0
BRDA:61,7,1,0
BRDA:67,8,0,0
BRDA:67,8,1,0
BRDA:72,9,0,0
BRDA:72,9,1,0
BRDA:78,10,0,0
BRDA:78,10,1,0
BRDA:85,11,0,0
BRDA:85,11,1,0
BRF:22
BRH:0
end_of_record
TN:
SF:C:\Users\numer\dev\locus\tokenomics\contracts\diamonds\locusToken\v1\LTInitializerFacet.sol
FN:15,initialize
FN:28,setupTokenInfoAndEstablishAutocracy
FN:39,setupInflation
FNF:3
FNH:0
FNDA:0,initialize
FNDA:0,setupTokenInfoAndEstablishAutocracy
FNDA:0,setupInflation
DA:16,0
DA:17,0
DA:20,0
DA:21,0
DA:23,0
DA:24,0
DA:25,0
DA:30,0
DA:31,0
DA:40,0
DA:41,0
DA:42,0
DA:44,0
DA:47,0
DA:52,0
DA:53,0
DA:58,0
DA:59,0
DA:65,0
DA:66,0
DA:67,0
DA:68,0
DA:69,0
DA:71,0
DA:75,0
DA:79,0
DA:83,0
DA:84,0
DA:90,0
LF:29
LH:0
BRDA:28,1,0,0
BRDA:28,1,1,0
BRDA:39,2,0,0
BRDA:39,2,1,0
BRDA:41,3,0,0
BRDA:41,3,1,0
BRDA:44,4,0,0
BRDA:44,4,1,0
BRDA:52,5,0,0
BRDA:52,5,1,0
BRDA:58,6,0,0
BRDA:58,6,1,0
BRDA:68,7,0,0
BRDA:68,7,1,0
BRF:14
BRH:0
end_of_record
TN:
SF:C:\Users\numer\dev\locus\tokenomics\contracts\notDiamonds\interfaces\IMockContract.sol
FNF:0
FNH:0
LF:0
LH:0
BRF:0
BRH:0
end_of_record
TN:
SF:C:\Users\numer\dev\locus\tokenomics\contracts\notDiamonds\interfaces\IWrappedStakingLocus.sol
FNF:0
FNH:0
LF:0
LH:0
BRF:0
BRH:0
end_of_record
TN:
SF:C:\Users\numer\dev\locus\tokenomics\contracts\notDiamonds\LocusGovernor.sol
FN:34,constructor
FN:37,proposalThreshold
FNF:2
FNH:0
FNDA:0,constructor
FNDA:0,proposalThreshold
DA:43,0
LF:1
LH:0
BRF:0
BRH:0
end_of_record
TN:
SF:C:\Users\numer\dev\locus\tokenomics\contracts\notDiamonds\MidasClaim.sol
FN:32,constructor
FN:45,setNewMerkleRoot
FN:53,setNewToken
FN:61,setNewTreasury
FN:69,claim
FN:82,emergencyExit
FNF:6
FNH:0
FNDA:0,constructor
FNDA:0,setNewMerkleRoot
FNDA:0,setNewToken
FNDA:0,setNewTreasury
FNDA:0,claim
FNDA:0,emergencyExit
DA:38,0
DA:39,0
DA:40,0
DA:41,0
DA:42,0
DA:46,0
DA:47,0
DA:49,0
DA:50,0
DA:54,0
DA:55,0
DA:57,0
DA:58,0
DA:62,0
DA:63,0
DA:65,0
DA:66,0
DA:74,0
DA:75,0
DA:76,0
DA:77,0
DA:78,0
DA:79,0
DA:83,0
DA:84,0
LF:25
LH:0
BRDA:45,1,0,0
BRDA:45,1,1,0
BRDA:46,2,0,0
BRDA:46,2,1,0
BRDA:53,3,0,0
BRDA:53,3,1,0
BRDA:54,4,0,0
BRDA:54,4,1,0
BRDA:61,5,0,0
BRDA:61,5,1,0
BRDA:62,6,0,0
BRDA:62,6,1,0
BRDA:74,7,0,0
BRDA:74,7,1,0
BRDA:77,8,0,0
BRDA:77,8,1,0
BRDA:82,9,0,0
BRDA:82,9,1,0
BRF:18
BRH:0
end_of_record
TN:
SF:C:\Users\numer\dev\locus\tokenomics\contracts\notDiamonds\mock\MockContract.sol
FN:34,constructor
FN:39,trackCalldataMock
FN:47,trackMethodIdMock
FN:54,_givenAnyReturn
FN:59,givenAnyReturn
FN:63,givenAnyReturnBool
FN:68,givenAnyReturnUint
FN:72,givenAnyReturnAddress
FN:76,givenAnyRevert
FN:81,givenAnyRevertWithMessage
FN:86,givenAnyRunOutOfGas
FN:90,_givenCalldataReturn
FN:96,givenCalldataReturn
FN:100,givenCalldataReturnBool
FN:105,givenCalldataReturnUint
FN:109,givenCalldataReturnAddress
FN:113,_givenMethodReturn
FN:120,givenMethodReturn
FN:124,givenMethodReturnBool
FN:129,givenMethodReturnUint
FN:133,givenMethodReturnAddress
FN:137,givenCalldataRevert
FN:143,givenMethodRevert
FN:149,givenCalldataRevertWithMessage
FN:155,givenMethodRevertWithMessage
FN:162,givenCalldataRunOutOfGas
FN:167,givenMethodRunOutOfGas
FN:173,invocationCount
FN:177,invocationCountForMethod
FN:182,invocationCountForCalldata
FN:186,reset
FN:226,useAllGas
FN:236,bytesToBytes4
FN:244,uintToBytes
FN:249,updateInvocationCount
FN:259,
FN:263,fallbackImpl
FNF:37
FNH:0
FNDA:0,constructor
FNDA:0,trackCalldataMock
FNDA:0,trackMethodIdMock
FNDA:0,_givenAnyReturn
FNDA:0,givenAnyReturn
FNDA:0,givenAnyReturnBool
FNDA:0,givenAnyReturnUint
FNDA:0,givenAnyReturnAddress
FNDA:0,givenAnyRevert
FNDA:0,givenAnyRevertWithMessage
FNDA:0,givenAnyRunOutOfGas
FNDA:0,_givenCalldataReturn
FNDA:0,givenCalldataReturn
FNDA:0,givenCalldataReturnBool
FNDA:0,givenCalldataReturnUint
FNDA:0,givenCalldataReturnAddress
FNDA:0,_givenMethodReturn
FNDA:0,givenMethodReturn
FNDA:0,givenMethodReturnBool
FNDA:0,givenMethodReturnUint
FNDA:0,givenMethodReturnAddress
FNDA:0,givenCalldataRevert
FNDA:0,givenMethodRevert
FNDA:0,givenCalldataRevertWithMessage
FNDA:0,givenMethodRevertWithMessage
FNDA:0,givenCalldataRunOutOfGas
FNDA:0,givenMethodRunOutOfGas
FNDA:0,invocationCount
FNDA:0,invocationCountForMethod
FNDA:0,invocationCountForCalldata
FNDA:0,reset
FNDA:0,useAllGas
FNDA:0,bytesToBytes4
FNDA:0,uintToBytes
FNDA:0,updateInvocationCount
FNDA:0,
FNDA:0,fallbackImpl
DA:35,0
DA:36,0
DA:40,0
DA:41,0
DA:42,0
DA:43,0
DA:48,0
DA:49,0
DA:50,0
DA:55,0
DA:56,0
DA:60,0
DA:64,0
DA:65,0
DA:69,0
DA:73,0
DA:77,0
DA:78,0
DA:82,0
DA:83,0
DA:87,0
DA:91,0
DA:92,0
DA:93,0
DA:97,0
DA:101,0
DA:102,0
DA:106,0
DA:110,0
DA:114,0
DA:115,0
DA:116,0
DA:117,0
DA:121,0
DA:125,0
DA:126,0
DA:130,0
DA:134,0
DA:138,0
DA:139,0
DA:140,0
DA:144,0
DA:145,0
DA:146,0
DA:150,0
DA:151,0
DA:152,0
DA:156,0
DA:157,0
DA:158,0
DA:159,0
DA:163,0
DA:164,0
DA:168,0
DA:169,0
DA:170,0
DA:174,0
DA:178,0
DA:179,0
DA:183,0
DA:188,0
DA:189,0
DA:191,0
DA:193,0
DA:194,0
DA:195,0
DA:197,0
DA:199,0
DA:201,0
DA:204,0
DA:207,0
DA:208,0
DA:209,0
DA:210,0
DA:211,0
DA:212,0
DA:213,0
DA:215,0
DA:218,0
DA:220,0
DA:221,0
DA:222,0
DA:223,0
DA:227,0
DA:228,0
DA:229,0
DA:237,0
DA:238,0
DA:239,0
DA:241,0
DA:245,0
DA:246,0
DA:250,0
DA:251,0
DA:252,0
DA:253,0
DA:257,0
DA:260,0
DA:264,0
DA:267,0
DA:268,0
DA:270,0
DA:271,0
DA:273,0
DA:276,0
DA:277,0
DA:278,0
DA:280,0
DA:281,0
DA:283,0
DA:287,0
DA:288,0
DA:289,0
DA:291,0
DA:292,0
DA:294,0
DA:298,0
DA:299,0
DA:301,0
LF:119
LH:0
BRDA:41,1,0,0
BRDA:41,1,1,0
BRDA:48,2,0,0
BRDA:48,2,1,0
BRDA:64,3,0,0
BRDA:64,3,1,0
BRDA:101,4,0,0
BRDA:101,4,1,0
BRDA:125,5,0,0
BRDA:125,5,1,0
BRDA:250,6,0,0
BRDA:250,6,1,0
BRDA:267,7,0,0
BRDA:267,7,1,0
BRDA:270,8,0,0
BRDA:270,8,1,0
BRDA:276,9,0,0
BRDA:276,9,1,0
BRDA:277,10,0,0
BRDA:277,10,1,0
BRDA:280,11,0,0
BRDA:280,11,1,0
BRDA:287,12,0,0
BRDA:287,12,1,0
BRDA:288,13,0,0
BRDA:288,13,1,0
BRDA:291,14,0,0
BRDA:291,14,1,0
BRF:28
BRH:0
end_of_record
TN:
SF:C:\Users\numer\dev\locus\tokenomics\contracts\notDiamonds\mock\MockLocus.sol
FN:7,constructor
FN:9,mint
FNF:2
FNH:0
FNDA:0,constructor
FNDA:0,mint
DA:10,0
LF:1
LH:0
BRF:0
BRH:0
end_of_record
TN:
SF:C:\Users\numer\dev\locus\tokenomics\contracts\notDiamonds\mock\MockStaking.sol
FN:15,constructor
FN:19,stakeFor
FNF:2
FNH:0
FNDA:0,constructor
FNDA:0,stakeFor
DA:16,0
DA:20,0
DA:21,0
LF:3
LH:0
BRF:0
BRH:0
end_of_record
TN:
SF:C:\Users\numer\dev\locus\tokenomics\contracts\notDiamonds\WrappedStakingLocus.sol
FN:26,constructor
FN:32,syncBalanceOnStake
FN:40,syncBalanceOnWithdraw
FN:48,name
FN:52,symbol
FN:56,decimals
FN:60,_syncBalanceOnStake
FN:65,_syncBalanceOnWithdraw
FN:70,_mint
FN:74,_burn
FN:78,_afterTokenTransfer
FNF:11
FNH:0
FNDA:0,constructor
FNDA:0,syncBalanceOnStake
FNDA:0,syncBalanceOnWithdraw
FNDA:0,name
FNDA:0,symbol
FNDA:0,decimals
FNDA:0,_syncBalanceOnStake
FNDA:0,_syncBalanceOnWithdraw
FNDA:0,_mint
FNDA:0,_burn
FNDA:0,_afterTokenTransfer
DA:28,0
DA:29,0
DA:33,0
DA:34,0
DA:36,0
DA:41,0
DA:42,0
DA:44,0
DA:49,0
DA:53,0
DA:57,0
DA:61,0
DA:62,0
DA:66,0
DA:67,0
DA:71,0
DA:75,0
DA:79,0
LF:18
LH:0
BRDA:33,1,0,0
BRDA:33,1,1,0
BRDA:41,2,0,0
BRDA:41,2,1,0
BRF:4
BRH:0
end_of_record
